This file contains any messages produced by compilers while
running configure, to aid debugging if configure makes a mistake.

It was created by configure, which was
generated by GNU Autoconf 2.63.  Invocation command line was

  $ ./configure --prefix=/home/jesse/llrp/LLRPToolkit/opensource/tarBalls/libxml2-2.7.4/output

## --------- ##
## Platform. ##
## --------- ##

hostname = ubuntu
uname -m = x86_64
uname -r = 4.4.0-128-generic
uname -s = Linux
uname -v = #154-Ubuntu SMP Fri May 25 14:15:18 UTC 2018

/usr/bin/uname -p = unknown
/bin/uname -X     = unknown

/bin/arch              = unknown
/usr/bin/arch -k       = unknown
/usr/convex/getsysinfo = unknown
/usr/bin/hostinfo      = unknown
/bin/machine           = unknown
/usr/bin/oslevel       = unknown
/bin/universe          = unknown

PATH: /usr/local/sbin
PATH: /usr/local/bin
PATH: /usr/sbin
PATH: /usr/bin
PATH: /sbin
PATH: /bin
PATH: /usr/games
PATH: /usr/local/games
PATH: /snap/bin


## ----------- ##
## Core tests. ##
## ----------- ##

configure:2246: checking build system type
configure:2264: result: x86_64-unknown-linux-gnu
configure:2286: checking host system type
configure:2301: result: x86_64-unknown-linux-gnu
configure:2383: checking for a BSD-compatible install
configure:2451: result: /usr/bin/install -c
configure:2462: checking whether build environment is sane
configure:2522: result: yes
configure:2663: checking for a thread-safe mkdir -p
configure:2702: result: /bin/mkdir -p
configure:2715: checking for gawk
configure:2731: found /usr/bin/gawk
configure:2742: result: gawk
configure:2753: checking whether make sets $(MAKE)
configure:2775: result: yes
configure:2906: checking for gcc
configure:2922: found /usr/bin/gcc
configure:2933: result: gcc
configure:3165: checking for C compiler version
configure:3173: gcc --version >&5
gcc (Ubuntu 5.4.0-6ubuntu1~16.04.10) 5.4.0 20160609
Copyright (C) 2015 Free Software Foundation, Inc.
This is free software; see the source for copying conditions.  There is NO
warranty; not even for MERCHANTABILITY or FITNESS FOR A PARTICULAR PURPOSE.

configure:3177: $? = 0
configure:3184: gcc -v >&5
Using built-in specs.
COLLECT_GCC=gcc
COLLECT_LTO_WRAPPER=/usr/lib/gcc/x86_64-linux-gnu/5/lto-wrapper
Target: x86_64-linux-gnu
Configured with: ../src/configure -v --with-pkgversion='Ubuntu 5.4.0-6ubuntu1~16.04.10' --with-bugurl=file:///usr/share/doc/gcc-5/README.Bugs --enable-languages=c,ada,c++,java,go,d,fortran,objc,obj-c++ --prefix=/usr --program-suffix=-5 --enable-shared --enable-linker-build-id --libexecdir=/usr/lib --without-included-gettext --enable-threads=posix --libdir=/usr/lib --enable-nls --with-sysroot=/ --enable-clocale=gnu --enable-libstdcxx-debug --enable-libstdcxx-time=yes --with-default-libstdcxx-abi=new --enable-gnu-unique-object --disable-vtable-verify --enable-libmpx --enable-plugin --with-system-zlib --disable-browser-plugin --enable-java-awt=gtk --enable-gtk-cairo --with-java-home=/usr/lib/jvm/java-1.5.0-gcj-5-amd64/jre --enable-java-home --with-jvm-root-dir=/usr/lib/jvm/java-1.5.0-gcj-5-amd64 --with-jvm-jar-dir=/usr/lib/jvm-exports/java-1.5.0-gcj-5-amd64 --with-arch-directory=amd64 --with-ecj-jar=/usr/share/java/eclipse-ecj.jar --enable-objc-gc --enable-multiarch --disable-werror --with-arch-32=i686 --with-abi=m64 --with-multilib-list=m32,m64,mx32 --enable-multilib --with-tune=generic --enable-checking=release --build=x86_64-linux-gnu --host=x86_64-linux-gnu --target=x86_64-linux-gnu
Thread model: posix
gcc version 5.4.0 20160609 (Ubuntu 5.4.0-6ubuntu1~16.04.10) 
configure:3188: $? = 0
configure:3195: gcc -V >&5
gcc: error: unrecognized command line option '-V'
gcc: fatal error: no input files
compilation terminated.
configure:3199: $? = 1
configure:3222: checking for C compiler default output file name
configure:3244: gcc    conftest.c  >&5
configure:3248: $? = 0
configure:3286: result: a.out
configure:3305: checking whether the C compiler works
configure:3315: ./a.out
configure:3319: $? = 0
configure:3338: result: yes
configure:3345: checking whether we are cross compiling
configure:3347: result: no
configure:3350: checking for suffix of executables
configure:3357: gcc -o conftest    conftest.c  >&5
configure:3361: $? = 0
configure:3387: result: 
configure:3393: checking for suffix of object files
configure:3419: gcc -c   conftest.c >&5
configure:3423: $? = 0
configure:3448: result: o
configure:3452: checking whether we are using the GNU C compiler
configure:3481: gcc -c   conftest.c >&5
configure:3488: $? = 0
configure:3505: result: yes
configure:3514: checking whether gcc accepts -g
configure:3544: gcc -c -g  conftest.c >&5
configure:3551: $? = 0
configure:3652: result: yes
configure:3669: checking for gcc option to accept ISO C89
configure:3743: gcc  -c -g -O2  conftest.c >&5
configure:3750: $? = 0
configure:3773: result: none needed
configure:3802: checking for style of include used by make
configure:3830: result: GNU
configure:3855: checking dependency style of gcc
configure:3965: result: gcc3
configure:3994: checking for a BSD-compatible install
configure:4062: result: /usr/bin/install -c
configure:4078: checking how to run the C preprocessor
configure:4118: gcc -E  conftest.c
configure:4125: $? = 0
configure:4156: gcc -E  conftest.c
conftest.c:10:28: fatal error: ac_nonexistent.h: No such file or directory
compilation terminated.
configure:4163: $? = 1
configure: failed program was:
| /* confdefs.h.  */
| #define PACKAGE_NAME ""
| #define PACKAGE_TARNAME ""
| #define PACKAGE_VERSION ""
| #define PACKAGE_STRING ""
| #define PACKAGE_BUGREPORT ""
| #define PACKAGE "libxml2"
| #define VERSION "2.7.4"
| /* end confdefs.h.  */
| #include <ac_nonexistent.h>
configure:4196: result: gcc -E
configure:4225: gcc -E  conftest.c
configure:4232: $? = 0
configure:4263: gcc -E  conftest.c
conftest.c:10:28: fatal error: ac_nonexistent.h: No such file or directory
compilation terminated.
configure:4270: $? = 1
configure: failed program was:
| /* confdefs.h.  */
| #define PACKAGE_NAME ""
| #define PACKAGE_TARNAME ""
| #define PACKAGE_VERSION ""
| #define PACKAGE_STRING ""
| #define PACKAGE_BUGREPORT ""
| #define PACKAGE "libxml2"
| #define VERSION "2.7.4"
| /* end confdefs.h.  */
| #include <ac_nonexistent.h>
configure:4311: checking for rm
configure:4329: found /bin/rm
configure:4342: result: /bin/rm
configure:4352: checking for mv
configure:4370: found /bin/mv
configure:4383: result: /bin/mv
configure:4393: checking for tar
configure:4411: found /bin/tar
configure:4424: result: /bin/tar
configure:4434: checking for perl
configure:4452: found /usr/bin/perl
configure:4465: result: /usr/bin/perl
configure:4475: checking for wget
configure:4493: found /usr/bin/wget
configure:4506: result: /usr/bin/wget
configure:4516: checking for xmllint
configure:4547: result: /usr/bin/xmllint
configure:4557: checking for xsltproc
configure:4575: found /usr/bin/xsltproc
configure:4588: result: /usr/bin/xsltproc
configure:4597: checking for function prototypes
configure:4600: result: yes
configure:4619: checking for grep that handles long lines and -e
configure:4679: result: /bin/grep
configure:4684: checking for egrep
configure:4748: result: /bin/grep -E
configure:4753: checking for ANSI C header files
configure:4783: gcc -c -g -O2  conftest.c >&5
configure:4790: $? = 0
configure:4889: gcc -o conftest -g -O2   conftest.c  >&5
configure:4893: $? = 0
configure:4899: ./conftest
configure:4903: $? = 0
configure:4921: result: yes
configure:4945: checking for sys/types.h
configure:4966: gcc -c -g -O2  conftest.c >&5
configure:4973: $? = 0
configure:4990: result: yes
configure:4945: checking for sys/stat.h
configure:4966: gcc -c -g -O2  conftest.c >&5
configure:4973: $? = 0
configure:4990: result: yes
configure:4945: checking for stdlib.h
configure:4966: gcc -c -g -O2  conftest.c >&5
configure:4973: $? = 0
configure:4990: result: yes
configure:4945: checking for string.h
configure:4966: gcc -c -g -O2  conftest.c >&5
configure:4973: $? = 0
configure:4990: result: yes
configure:4945: checking for memory.h
configure:4966: gcc -c -g -O2  conftest.c >&5
configure:4973: $? = 0
configure:4990: result: yes
configure:4945: checking for strings.h
configure:4966: gcc -c -g -O2  conftest.c >&5
configure:4973: $? = 0
configure:4990: result: yes
configure:4945: checking for inttypes.h
configure:4966: gcc -c -g -O2  conftest.c >&5
configure:4973: $? = 0
configure:4990: result: yes
configure:4945: checking for stdint.h
configure:4966: gcc -c -g -O2  conftest.c >&5
configure:4973: $? = 0
configure:4990: result: yes
configure:4945: checking for unistd.h
configure:4966: gcc -c -g -O2  conftest.c >&5
configure:4973: $? = 0
configure:4990: result: yes
configure:5017: checking for string.h
configure:5024: result: yes
configure:5491: checking for a sed that does not truncate output
configure:5557: result: /bin/sed
configure:5575: checking for fgrep
configure:5639: result: /bin/grep -F
configure:5674: checking for ld used by gcc
configure:5741: result: /usr/bin/ld
configure:5750: checking if the linker (/usr/bin/ld) is GNU ld
configure:5765: result: yes
configure:5777: checking for BSD- or MS-compatible name lister (nm)
configure:5826: result: /usr/bin/nm -B
configure:5944: checking the name lister (/usr/bin/nm -B) interface
configure:5951: gcc -c -g -O2  conftest.c >&5
configure:5954: /usr/bin/nm -B "conftest.o"
configure:5957: output
0000000000000000 B some_variable
configure:5964: result: BSD nm
configure:5967: checking whether ln -s works
configure:5971: result: yes
configure:5979: checking the maximum length of command line arguments
configure:6099: result: 1572864
configure:6116: checking whether the shell understands some XSI constructs
configure:6126: result: yes
configure:6130: checking whether the shell understands "+="
configure:6136: result: yes
configure:6171: checking for /usr/bin/ld option to reload object files
configure:6178: result: -r
configure:6247: checking for objdump
configure:6274: result: objdump
configure:6303: checking how to recognize dependent libraries
configure:6499: result: pass_all
configure:6559: checking for ar
configure:6575: found /usr/bin/ar
configure:6586: result: ar
configure:6664: checking for strip
configure:6680: found /usr/bin/strip
configure:6691: result: strip
configure:6763: checking for ranlib
configure:6779: found /usr/bin/ranlib
configure:6790: result: ranlib
configure:6880: checking command to parse /usr/bin/nm -B output from gcc object
configure:6998: gcc -c -g -O2  conftest.c >&5
configure:7001: $? = 0
configure:7005: /usr/bin/nm -B conftest.o \| sed -n -e 's/^.*[	 ]\([ABCDGIRSTW][ABCDGIRSTW]*\)[	 ][	 ]*\([_A-Za-z][_A-Za-z0-9]*\)$/\1 \2 \2/p' \> conftest.nm
configure:7008: $? = 0
configure:7062: gcc -o conftest -g -O2   conftest.c conftstm.o >&5
configure:7065: $? = 0
configure:7103: result: ok
configure:7198: gcc -c -g -O2  conftest.c >&5
configure:7201: $? = 0
configure:7968: checking for dlfcn.h
configure:7989: gcc -c -g -O2  conftest.c >&5
configure:7996: $? = 0
configure:8013: result: yes
configure:8197: checking for objdir
configure:8212: result: .libs
configure:8504: checking if gcc supports -fno-rtti -fno-exceptions
configure:8522: gcc -c -g -O2  -fno-rtti -fno-exceptions conftest.c >&5
cc1: warning: command line option '-fno-rtti' is valid for C++/ObjC++ but not for C
configure:8526: $? = 0
configure:8539: result: no
configure:8559: checking for gcc option to produce PIC
configure:8831: result: -fPIC -DPIC
configure:8843: checking if gcc PIC flag -fPIC -DPIC works
configure:8861: gcc -c -g -O2  -fPIC -DPIC -DPIC conftest.c >&5
configure:8865: $? = 0
configure:8878: result: yes
configure:8902: checking if gcc static flag -static works
configure:8930: result: yes
configure:8945: checking if gcc supports -c -o file.o
configure:8966: gcc -c -g -O2  -o out/conftest2.o conftest.c >&5
configure:8970: $? = 0
configure:8992: result: yes
configure:9000: checking if gcc supports -c -o file.o
configure:9047: result: yes
configure:9080: checking whether the gcc linker (/usr/bin/ld -m elf_x86_64) supports shared libraries
configure:10154: result: yes
configure:10191: checking whether -lc should be explicitly linked in
configure:10196: gcc -c -g -O2  conftest.c >&5
configure:10199: $? = 0
configure:10214: gcc -shared conftest.o  -v -Wl,-soname -Wl,conftest -o conftest 2\>\&1 \| /bin/grep  -lc  \>/dev/null 2\>\&1
configure:10217: $? = 0
configure:10229: result: no
configure:10393: checking dynamic linker characteristics
configure:10836: gcc -o conftest -g -O2   -Wl,-rpath -Wl,/foo conftest.c  >&5
configure:10843: $? = 0
configure:11079: result: GNU/Linux ld.so
configure:11181: checking how to hardcode library paths into programs
configure:11206: result: immediate
configure:12039: checking whether stripping libraries is possible
configure:12044: result: yes
configure:12079: checking if libtool supports shared libraries
configure:12081: result: yes
configure:12084: checking whether to build shared libraries
configure:12105: result: yes
configure:12108: checking whether to build static libraries
configure:12112: result: yes
configure:12611: checking zlib.h usability
configure:12628: gcc -c -g -O2  conftest.c >&5
configure:12635: $? = 0
configure:12649: result: yes
configure:12653: checking zlib.h presence
configure:12668: gcc -E  conftest.c
configure:12675: $? = 0
configure:12689: result: yes
configure:12717: checking for zlib.h
configure:12726: result: yes
configure:12736: checking for gzread in -lz
configure:12771: gcc -o conftest -g -O2   conftest.c -lz   >&5
configure:12778: $? = 0
configure:12799: result: yes
configure:12845: checking for dirent.h that defines DIR
configure:12874: gcc -c -g -O2  conftest.c >&5
configure:12881: $? = 0
configure:12898: result: yes
configure:12913: checking for library containing opendir
configure:12954: gcc -o conftest -g -O2   conftest.c  >&5
configure:12961: $? = 0
configure:12992: result: none required
configure:13090: checking for ANSI C header files
configure:13258: result: yes
configure:13284: checking fcntl.h usability
configure:13301: gcc -c -g -O2  conftest.c >&5
configure:13308: $? = 0
configure:13322: result: yes
configure:13326: checking fcntl.h presence
configure:13341: gcc -E  conftest.c
configure:13348: $? = 0
configure:13362: result: yes
configure:13390: checking for fcntl.h
configure:13399: result: yes
configure:13419: checking for unistd.h
configure:13426: result: yes
configure:13576: checking ctype.h usability
configure:13593: gcc -c -g -O2  conftest.c >&5
configure:13600: $? = 0
configure:13614: result: yes
configure:13618: checking ctype.h presence
configure:13633: gcc -E  conftest.c
configure:13640: $? = 0
configure:13654: result: yes
configure:13682: checking for ctype.h
configure:13691: result: yes
configure:13722: checking dirent.h usability
configure:13739: gcc -c -g -O2  conftest.c >&5
configure:13746: $? = 0
configure:13760: result: yes
configure:13764: checking dirent.h presence
configure:13779: gcc -E  conftest.c
configure:13786: $? = 0
configure:13800: result: yes
configure:13828: checking for dirent.h
configure:13837: result: yes
configure:13868: checking errno.h usability
configure:13885: gcc -c -g -O2  conftest.c >&5
configure:13892: $? = 0
configure:13906: result: yes
configure:13910: checking errno.h presence
configure:13925: gcc -E  conftest.c
configure:13932: $? = 0
configure:13946: result: yes
configure:13974: checking for errno.h
configure:13983: result: yes
configure:14014: checking malloc.h usability
configure:14031: gcc -c -g -O2  conftest.c >&5
configure:14038: $? = 0
configure:14052: result: yes
configure:14056: checking malloc.h presence
configure:14071: gcc -E  conftest.c
configure:14078: $? = 0
configure:14092: result: yes
configure:14120: checking for malloc.h
configure:14129: result: yes
configure:14160: checking stdarg.h usability
configure:14177: gcc -c -g -O2  conftest.c >&5
configure:14184: $? = 0
configure:14198: result: yes
configure:14202: checking stdarg.h presence
configure:14217: gcc -E  conftest.c
configure:14224: $? = 0
configure:14238: result: yes
configure:14266: checking for stdarg.h
configure:14275: result: yes
configure:14295: checking for sys/stat.h
configure:14302: result: yes
configure:14441: checking for sys/types.h
configure:14448: result: yes
configure:14587: checking for stdint.h
configure:14594: result: yes
configure:14744: checking inttypes.h.h usability
configure:14761: gcc -c -g -O2  conftest.c >&5
conftest.c:72:24: fatal error: inttypes.h.h: No such file or directory
compilation terminated.
configure:14768: $? = 1
configure: failed program was:
| /* confdefs.h.  */
| #define PACKAGE_NAME ""
| #define PACKAGE_TARNAME ""
| #define PACKAGE_VERSION ""
| #define PACKAGE_STRING ""
| #define PACKAGE_BUGREPORT ""
| #define PACKAGE "libxml2"
| #define VERSION "2.7.4"
| #define PROTOTYPES 1
| #define __PROTOTYPES 1
| #define STDC_HEADERS 1
| #define HAVE_SYS_TYPES_H 1
| #define HAVE_SYS_STAT_H 1
| #define HAVE_STDLIB_H 1
| #define HAVE_STRING_H 1
| #define HAVE_MEMORY_H 1
| #define HAVE_STRINGS_H 1
| #define HAVE_INTTYPES_H 1
| #define HAVE_STDINT_H 1
| #define HAVE_UNISTD_H 1
| #define HAVE_STRING_H 1
| #define HAVE_DLFCN_H 1
| #define LT_OBJDIR ".libs/"
| #define HAVE_ZLIB_H 1
| #define HAVE_LIBZ 1
| #define HAVE_DIRENT_H 1
| #define STDC_HEADERS 1
| #define HAVE_FCNTL_H 1
| #define HAVE_UNISTD_H 1
| #define HAVE_CTYPE_H 1
| #define HAVE_DIRENT_H 1
| #define HAVE_ERRNO_H 1
| #define HAVE_MALLOC_H 1
| #define HAVE_STDARG_H 1
| #define HAVE_SYS_STAT_H 1
| #define HAVE_SYS_TYPES_H 1
| #define HAVE_STDINT_H 1
| /* end confdefs.h.  */
| #include <stdio.h>
| #ifdef HAVE_SYS_TYPES_H
| # include <sys/types.h>
| #endif
| #ifdef HAVE_SYS_STAT_H
| # include <sys/stat.h>
| #endif
| #ifdef STDC_HEADERS
| # include <stdlib.h>
| # include <stddef.h>
| #else
| # ifdef HAVE_STDLIB_H
| #  include <stdlib.h>
| # endif
| #endif
| #ifdef HAVE_STRING_H
| # if !defined STDC_HEADERS && defined HAVE_MEMORY_H
| #  include <memory.h>
| # endif
| # include <string.h>
| #endif
| #ifdef HAVE_STRINGS_H
| # include <strings.h>
| #endif
| #ifdef HAVE_INTTYPES_H
| # include <inttypes.h>
| #endif
| #ifdef HAVE_STDINT_H
| # include <stdint.h>
| #endif
| #ifdef HAVE_UNISTD_H
| # include <unistd.h>
| #endif
| #include <inttypes.h.h>
configure:14782: result: no
configure:14786: checking inttypes.h.h presence
configure:14801: gcc -E  conftest.c
conftest.c:39:24: fatal error: inttypes.h.h: No such file or directory
compilation terminated.
configure:14808: $? = 1
configure: failed program was:
| /* confdefs.h.  */
| #define PACKAGE_NAME ""
| #define PACKAGE_TARNAME ""
| #define PACKAGE_VERSION ""
| #define PACKAGE_STRING ""
| #define PACKAGE_BUGREPORT ""
| #define PACKAGE "libxml2"
| #define VERSION "2.7.4"
| #define PROTOTYPES 1
| #define __PROTOTYPES 1
| #define STDC_HEADERS 1
| #define HAVE_SYS_TYPES_H 1
| #define HAVE_SYS_STAT_H 1
| #define HAVE_STDLIB_H 1
| #define HAVE_STRING_H 1
| #define HAVE_MEMORY_H 1
| #define HAVE_STRINGS_H 1
| #define HAVE_INTTYPES_H 1
| #define HAVE_STDINT_H 1
| #define HAVE_UNISTD_H 1
| #define HAVE_STRING_H 1
| #define HAVE_DLFCN_H 1
| #define LT_OBJDIR ".libs/"
| #define HAVE_ZLIB_H 1
| #define HAVE_LIBZ 1
| #define HAVE_DIRENT_H 1
| #define STDC_HEADERS 1
| #define HAVE_FCNTL_H 1
| #define HAVE_UNISTD_H 1
| #define HAVE_CTYPE_H 1
| #define HAVE_DIRENT_H 1
| #define HAVE_ERRNO_H 1
| #define HAVE_MALLOC_H 1
| #define HAVE_STDARG_H 1
| #define HAVE_SYS_STAT_H 1
| #define HAVE_SYS_TYPES_H 1
| #define HAVE_STDINT_H 1
| /* end confdefs.h.  */
| #include <inttypes.h.h>
configure:14822: result: no
configure:14850: checking for inttypes.h.h
configure:14859: result: no
configure:14890: checking time.h usability
configure:14907: gcc -c -g -O2  conftest.c >&5
configure:14914: $? = 0
configure:14928: result: yes
configure:14932: checking time.h presence
configure:14947: gcc -E  conftest.c
configure:14954: $? = 0
configure:14968: result: yes
configure:14996: checking for time.h
configure:15005: result: yes
configure:15036: checking ansidecl.h usability
configure:15053: gcc -c -g -O2  conftest.c >&5
conftest.c:73:22: fatal error: ansidecl.h: No such file or directory
compilation terminated.
configure:15060: $? = 1
configure: failed program was:
| /* confdefs.h.  */
| #define PACKAGE_NAME ""
| #define PACKAGE_TARNAME ""
| #define PACKAGE_VERSION ""
| #define PACKAGE_STRING ""
| #define PACKAGE_BUGREPORT ""
| #define PACKAGE "libxml2"
| #define VERSION "2.7.4"
| #define PROTOTYPES 1
| #define __PROTOTYPES 1
| #define STDC_HEADERS 1
| #define HAVE_SYS_TYPES_H 1
| #define HAVE_SYS_STAT_H 1
| #define HAVE_STDLIB_H 1
| #define HAVE_STRING_H 1
| #define HAVE_MEMORY_H 1
| #define HAVE_STRINGS_H 1
| #define HAVE_INTTYPES_H 1
| #define HAVE_STDINT_H 1
| #define HAVE_UNISTD_H 1
| #define HAVE_STRING_H 1
| #define HAVE_DLFCN_H 1
| #define LT_OBJDIR ".libs/"
| #define HAVE_ZLIB_H 1
| #define HAVE_LIBZ 1
| #define HAVE_DIRENT_H 1
| #define STDC_HEADERS 1
| #define HAVE_FCNTL_H 1
| #define HAVE_UNISTD_H 1
| #define HAVE_CTYPE_H 1
| #define HAVE_DIRENT_H 1
| #define HAVE_ERRNO_H 1
| #define HAVE_MALLOC_H 1
| #define HAVE_STDARG_H 1
| #define HAVE_SYS_STAT_H 1
| #define HAVE_SYS_TYPES_H 1
| #define HAVE_STDINT_H 1
| #define HAVE_TIME_H 1
| /* end confdefs.h.  */
| #include <stdio.h>
| #ifdef HAVE_SYS_TYPES_H
| # include <sys/types.h>
| #endif
| #ifdef HAVE_SYS_STAT_H
| # include <sys/stat.h>
| #endif
| #ifdef STDC_HEADERS
| # include <stdlib.h>
| # include <stddef.h>
| #else
| # ifdef HAVE_STDLIB_H
| #  include <stdlib.h>
| # endif
| #endif
| #ifdef HAVE_STRING_H
| # if !defined STDC_HEADERS && defined HAVE_MEMORY_H
| #  include <memory.h>
| # endif
| # include <string.h>
| #endif
| #ifdef HAVE_STRINGS_H
| # include <strings.h>
| #endif
| #ifdef HAVE_INTTYPES_H
| # include <inttypes.h>
| #endif
| #ifdef HAVE_STDINT_H
| # include <stdint.h>
| #endif
| #ifdef HAVE_UNISTD_H
| # include <unistd.h>
| #endif
| #include <ansidecl.h>
configure:15074: result: no
configure:15078: checking ansidecl.h presence
configure:15093: gcc -E  conftest.c
conftest.c:40:22: fatal error: ansidecl.h: No such file or directory
compilation terminated.
configure:15100: $? = 1
configure: failed program was:
| /* confdefs.h.  */
| #define PACKAGE_NAME ""
| #define PACKAGE_TARNAME ""
| #define PACKAGE_VERSION ""
| #define PACKAGE_STRING ""
| #define PACKAGE_BUGREPORT ""
| #define PACKAGE "libxml2"
| #define VERSION "2.7.4"
| #define PROTOTYPES 1
| #define __PROTOTYPES 1
| #define STDC_HEADERS 1
| #define HAVE_SYS_TYPES_H 1
| #define HAVE_SYS_STAT_H 1
| #define HAVE_STDLIB_H 1
| #define HAVE_STRING_H 1
| #define HAVE_MEMORY_H 1
| #define HAVE_STRINGS_H 1
| #define HAVE_INTTYPES_H 1
| #define HAVE_STDINT_H 1
| #define HAVE_UNISTD_H 1
| #define HAVE_STRING_H 1
| #define HAVE_DLFCN_H 1
| #define LT_OBJDIR ".libs/"
| #define HAVE_ZLIB_H 1
| #define HAVE_LIBZ 1
| #define HAVE_DIRENT_H 1
| #define STDC_HEADERS 1
| #define HAVE_FCNTL_H 1
| #define HAVE_UNISTD_H 1
| #define HAVE_CTYPE_H 1
| #define HAVE_DIRENT_H 1
| #define HAVE_ERRNO_H 1
| #define HAVE_MALLOC_H 1
| #define HAVE_STDARG_H 1
| #define HAVE_SYS_STAT_H 1
| #define HAVE_SYS_TYPES_H 1
| #define HAVE_STDINT_H 1
| #define HAVE_TIME_H 1
| /* end confdefs.h.  */
| #include <ansidecl.h>
configure:15114: result: no
configure:15142: checking for ansidecl.h
configure:15151: result: no
configure:15182: checking ieeefp.h usability
configure:15199: gcc -c -g -O2  conftest.c >&5
conftest.c:73:20: fatal error: ieeefp.h: No such file or directory
compilation terminated.
configure:15206: $? = 1
configure: failed program was:
| /* confdefs.h.  */
| #define PACKAGE_NAME ""
| #define PACKAGE_TARNAME ""
| #define PACKAGE_VERSION ""
| #define PACKAGE_STRING ""
| #define PACKAGE_BUGREPORT ""
| #define PACKAGE "libxml2"
| #define VERSION "2.7.4"
| #define PROTOTYPES 1
| #define __PROTOTYPES 1
| #define STDC_HEADERS 1
| #define HAVE_SYS_TYPES_H 1
| #define HAVE_SYS_STAT_H 1
| #define HAVE_STDLIB_H 1
| #define HAVE_STRING_H 1
| #define HAVE_MEMORY_H 1
| #define HAVE_STRINGS_H 1
| #define HAVE_INTTYPES_H 1
| #define HAVE_STDINT_H 1
| #define HAVE_UNISTD_H 1
| #define HAVE_STRING_H 1
| #define HAVE_DLFCN_H 1
| #define LT_OBJDIR ".libs/"
| #define HAVE_ZLIB_H 1
| #define HAVE_LIBZ 1
| #define HAVE_DIRENT_H 1
| #define STDC_HEADERS 1
| #define HAVE_FCNTL_H 1
| #define HAVE_UNISTD_H 1
| #define HAVE_CTYPE_H 1
| #define HAVE_DIRENT_H 1
| #define HAVE_ERRNO_H 1
| #define HAVE_MALLOC_H 1
| #define HAVE_STDARG_H 1
| #define HAVE_SYS_STAT_H 1
| #define HAVE_SYS_TYPES_H 1
| #define HAVE_STDINT_H 1
| #define HAVE_TIME_H 1
| /* end confdefs.h.  */
| #include <stdio.h>
| #ifdef HAVE_SYS_TYPES_H
| # include <sys/types.h>
| #endif
| #ifdef HAVE_SYS_STAT_H
| # include <sys/stat.h>
| #endif
| #ifdef STDC_HEADERS
| # include <stdlib.h>
| # include <stddef.h>
| #else
| # ifdef HAVE_STDLIB_H
| #  include <stdlib.h>
| # endif
| #endif
| #ifdef HAVE_STRING_H
| # if !defined STDC_HEADERS && defined HAVE_MEMORY_H
| #  include <memory.h>
| # endif
| # include <string.h>
| #endif
| #ifdef HAVE_STRINGS_H
| # include <strings.h>
| #endif
| #ifdef HAVE_INTTYPES_H
| # include <inttypes.h>
| #endif
| #ifdef HAVE_STDINT_H
| # include <stdint.h>
| #endif
| #ifdef HAVE_UNISTD_H
| # include <unistd.h>
| #endif
| #include <ieeefp.h>
configure:15220: result: no
configure:15224: checking ieeefp.h presence
configure:15239: gcc -E  conftest.c
conftest.c:40:20: fatal error: ieeefp.h: No such file or directory
compilation terminated.
configure:15246: $? = 1
configure: failed program was:
| /* confdefs.h.  */
| #define PACKAGE_NAME ""
| #define PACKAGE_TARNAME ""
| #define PACKAGE_VERSION ""
| #define PACKAGE_STRING ""
| #define PACKAGE_BUGREPORT ""
| #define PACKAGE "libxml2"
| #define VERSION "2.7.4"
| #define PROTOTYPES 1
| #define __PROTOTYPES 1
| #define STDC_HEADERS 1
| #define HAVE_SYS_TYPES_H 1
| #define HAVE_SYS_STAT_H 1
| #define HAVE_STDLIB_H 1
| #define HAVE_STRING_H 1
| #define HAVE_MEMORY_H 1
| #define HAVE_STRINGS_H 1
| #define HAVE_INTTYPES_H 1
| #define HAVE_STDINT_H 1
| #define HAVE_UNISTD_H 1
| #define HAVE_STRING_H 1
| #define HAVE_DLFCN_H 1
| #define LT_OBJDIR ".libs/"
| #define HAVE_ZLIB_H 1
| #define HAVE_LIBZ 1
| #define HAVE_DIRENT_H 1
| #define STDC_HEADERS 1
| #define HAVE_FCNTL_H 1
| #define HAVE_UNISTD_H 1
| #define HAVE_CTYPE_H 1
| #define HAVE_DIRENT_H 1
| #define HAVE_ERRNO_H 1
| #define HAVE_MALLOC_H 1
| #define HAVE_STDARG_H 1
| #define HAVE_SYS_STAT_H 1
| #define HAVE_SYS_TYPES_H 1
| #define HAVE_STDINT_H 1
| #define HAVE_TIME_H 1
| /* end confdefs.h.  */
| #include <ieeefp.h>
configure:15260: result: no
configure:15288: checking for ieeefp.h
configure:15297: result: no
configure:15328: checking nan.h usability
configure:15345: gcc -c -g -O2  conftest.c >&5
conftest.c:73:17: fatal error: nan.h: No such file or directory
compilation terminated.
configure:15352: $? = 1
configure: failed program was:
| /* confdefs.h.  */
| #define PACKAGE_NAME ""
| #define PACKAGE_TARNAME ""
| #define PACKAGE_VERSION ""
| #define PACKAGE_STRING ""
| #define PACKAGE_BUGREPORT ""
| #define PACKAGE "libxml2"
| #define VERSION "2.7.4"
| #define PROTOTYPES 1
| #define __PROTOTYPES 1
| #define STDC_HEADERS 1
| #define HAVE_SYS_TYPES_H 1
| #define HAVE_SYS_STAT_H 1
| #define HAVE_STDLIB_H 1
| #define HAVE_STRING_H 1
| #define HAVE_MEMORY_H 1
| #define HAVE_STRINGS_H 1
| #define HAVE_INTTYPES_H 1
| #define HAVE_STDINT_H 1
| #define HAVE_UNISTD_H 1
| #define HAVE_STRING_H 1
| #define HAVE_DLFCN_H 1
| #define LT_OBJDIR ".libs/"
| #define HAVE_ZLIB_H 1
| #define HAVE_LIBZ 1
| #define HAVE_DIRENT_H 1
| #define STDC_HEADERS 1
| #define HAVE_FCNTL_H 1
| #define HAVE_UNISTD_H 1
| #define HAVE_CTYPE_H 1
| #define HAVE_DIRENT_H 1
| #define HAVE_ERRNO_H 1
| #define HAVE_MALLOC_H 1
| #define HAVE_STDARG_H 1
| #define HAVE_SYS_STAT_H 1
| #define HAVE_SYS_TYPES_H 1
| #define HAVE_STDINT_H 1
| #define HAVE_TIME_H 1
| /* end confdefs.h.  */
| #include <stdio.h>
| #ifdef HAVE_SYS_TYPES_H
| # include <sys/types.h>
| #endif
| #ifdef HAVE_SYS_STAT_H
| # include <sys/stat.h>
| #endif
| #ifdef STDC_HEADERS
| # include <stdlib.h>
| # include <stddef.h>
| #else
| # ifdef HAVE_STDLIB_H
| #  include <stdlib.h>
| # endif
| #endif
| #ifdef HAVE_STRING_H
| # if !defined STDC_HEADERS && defined HAVE_MEMORY_H
| #  include <memory.h>
| # endif
| # include <string.h>
| #endif
| #ifdef HAVE_STRINGS_H
| # include <strings.h>
| #endif
| #ifdef HAVE_INTTYPES_H
| # include <inttypes.h>
| #endif
| #ifdef HAVE_STDINT_H
| # include <stdint.h>
| #endif
| #ifdef HAVE_UNISTD_H
| # include <unistd.h>
| #endif
| #include <nan.h>
configure:15366: result: no
configure:15370: checking nan.h presence
configure:15385: gcc -E  conftest.c
conftest.c:40:17: fatal error: nan.h: No such file or directory
compilation terminated.
configure:15392: $? = 1
configure: failed program was:
| /* confdefs.h.  */
| #define PACKAGE_NAME ""
| #define PACKAGE_TARNAME ""
| #define PACKAGE_VERSION ""
| #define PACKAGE_STRING ""
| #define PACKAGE_BUGREPORT ""
| #define PACKAGE "libxml2"
| #define VERSION "2.7.4"
| #define PROTOTYPES 1
| #define __PROTOTYPES 1
| #define STDC_HEADERS 1
| #define HAVE_SYS_TYPES_H 1
| #define HAVE_SYS_STAT_H 1
| #define HAVE_STDLIB_H 1
| #define HAVE_STRING_H 1
| #define HAVE_MEMORY_H 1
| #define HAVE_STRINGS_H 1
| #define HAVE_INTTYPES_H 1
| #define HAVE_STDINT_H 1
| #define HAVE_UNISTD_H 1
| #define HAVE_STRING_H 1
| #define HAVE_DLFCN_H 1
| #define LT_OBJDIR ".libs/"
| #define HAVE_ZLIB_H 1
| #define HAVE_LIBZ 1
| #define HAVE_DIRENT_H 1
| #define STDC_HEADERS 1
| #define HAVE_FCNTL_H 1
| #define HAVE_UNISTD_H 1
| #define HAVE_CTYPE_H 1
| #define HAVE_DIRENT_H 1
| #define HAVE_ERRNO_H 1
| #define HAVE_MALLOC_H 1
| #define HAVE_STDARG_H 1
| #define HAVE_SYS_STAT_H 1
| #define HAVE_SYS_TYPES_H 1
| #define HAVE_STDINT_H 1
| #define HAVE_TIME_H 1
| /* end confdefs.h.  */
| #include <nan.h>
configure:15406: result: no
configure:15434: checking for nan.h
configure:15443: result: no
configure:15474: checking math.h usability
configure:15491: gcc -c -g -O2  conftest.c >&5
configure:15498: $? = 0
configure:15512: result: yes
configure:15516: checking math.h presence
configure:15531: gcc -E  conftest.c
configure:15538: $? = 0
configure:15552: result: yes
configure:15580: checking for math.h
configure:15589: result: yes
configure:15620: checking limits.h usability
configure:15637: gcc -c -g -O2  conftest.c >&5
configure:15644: $? = 0
configure:15658: result: yes
configure:15662: checking limits.h presence
configure:15677: gcc -E  conftest.c
configure:15684: $? = 0
configure:15698: result: yes
configure:15726: checking for limits.h
configure:15735: result: yes
configure:15766: checking fp_class.h usability
configure:15783: gcc -c -g -O2  conftest.c >&5
conftest.c:75:22: fatal error: fp_class.h: No such file or directory
compilation terminated.
configure:15790: $? = 1
configure: failed program was:
| /* confdefs.h.  */
| #define PACKAGE_NAME ""
| #define PACKAGE_TARNAME ""
| #define PACKAGE_VERSION ""
| #define PACKAGE_STRING ""
| #define PACKAGE_BUGREPORT ""
| #define PACKAGE "libxml2"
| #define VERSION "2.7.4"
| #define PROTOTYPES 1
| #define __PROTOTYPES 1
| #define STDC_HEADERS 1
| #define HAVE_SYS_TYPES_H 1
| #define HAVE_SYS_STAT_H 1
| #define HAVE_STDLIB_H 1
| #define HAVE_STRING_H 1
| #define HAVE_MEMORY_H 1
| #define HAVE_STRINGS_H 1
| #define HAVE_INTTYPES_H 1
| #define HAVE_STDINT_H 1
| #define HAVE_UNISTD_H 1
| #define HAVE_STRING_H 1
| #define HAVE_DLFCN_H 1
| #define LT_OBJDIR ".libs/"
| #define HAVE_ZLIB_H 1
| #define HAVE_LIBZ 1
| #define HAVE_DIRENT_H 1
| #define STDC_HEADERS 1
| #define HAVE_FCNTL_H 1
| #define HAVE_UNISTD_H 1
| #define HAVE_CTYPE_H 1
| #define HAVE_DIRENT_H 1
| #define HAVE_ERRNO_H 1
| #define HAVE_MALLOC_H 1
| #define HAVE_STDARG_H 1
| #define HAVE_SYS_STAT_H 1
| #define HAVE_SYS_TYPES_H 1
| #define HAVE_STDINT_H 1
| #define HAVE_TIME_H 1
| #define HAVE_MATH_H 1
| #define HAVE_LIMITS_H 1
| /* end confdefs.h.  */
| #include <stdio.h>
| #ifdef HAVE_SYS_TYPES_H
| # include <sys/types.h>
| #endif
| #ifdef HAVE_SYS_STAT_H
| # include <sys/stat.h>
| #endif
| #ifdef STDC_HEADERS
| # include <stdlib.h>
| # include <stddef.h>
| #else
| # ifdef HAVE_STDLIB_H
| #  include <stdlib.h>
| # endif
| #endif
| #ifdef HAVE_STRING_H
| # if !defined STDC_HEADERS && defined HAVE_MEMORY_H
| #  include <memory.h>
| # endif
| # include <string.h>
| #endif
| #ifdef HAVE_STRINGS_H
| # include <strings.h>
| #endif
| #ifdef HAVE_INTTYPES_H
| # include <inttypes.h>
| #endif
| #ifdef HAVE_STDINT_H
| # include <stdint.h>
| #endif
| #ifdef HAVE_UNISTD_H
| # include <unistd.h>
| #endif
| #include <fp_class.h>
configure:15804: result: no
configure:15808: checking fp_class.h presence
configure:15823: gcc -E  conftest.c
conftest.c:42:22: fatal error: fp_class.h: No such file or directory
compilation terminated.
configure:15830: $? = 1
configure: failed program was:
| /* confdefs.h.  */
| #define PACKAGE_NAME ""
| #define PACKAGE_TARNAME ""
| #define PACKAGE_VERSION ""
| #define PACKAGE_STRING ""
| #define PACKAGE_BUGREPORT ""
| #define PACKAGE "libxml2"
| #define VERSION "2.7.4"
| #define PROTOTYPES 1
| #define __PROTOTYPES 1
| #define STDC_HEADERS 1
| #define HAVE_SYS_TYPES_H 1
| #define HAVE_SYS_STAT_H 1
| #define HAVE_STDLIB_H 1
| #define HAVE_STRING_H 1
| #define HAVE_MEMORY_H 1
| #define HAVE_STRINGS_H 1
| #define HAVE_INTTYPES_H 1
| #define HAVE_STDINT_H 1
| #define HAVE_UNISTD_H 1
| #define HAVE_STRING_H 1
| #define HAVE_DLFCN_H 1
| #define LT_OBJDIR ".libs/"
| #define HAVE_ZLIB_H 1
| #define HAVE_LIBZ 1
| #define HAVE_DIRENT_H 1
| #define STDC_HEADERS 1
| #define HAVE_FCNTL_H 1
| #define HAVE_UNISTD_H 1
| #define HAVE_CTYPE_H 1
| #define HAVE_DIRENT_H 1
| #define HAVE_ERRNO_H 1
| #define HAVE_MALLOC_H 1
| #define HAVE_STDARG_H 1
| #define HAVE_SYS_STAT_H 1
| #define HAVE_SYS_TYPES_H 1
| #define HAVE_STDINT_H 1
| #define HAVE_TIME_H 1
| #define HAVE_MATH_H 1
| #define HAVE_LIMITS_H 1
| /* end confdefs.h.  */
| #include <fp_class.h>
configure:15844: result: no
configure:15872: checking for fp_class.h
configure:15881: result: no
configure:15912: checking float.h usability
configure:15929: gcc -c -g -O2  conftest.c >&5
configure:15936: $? = 0
configure:15950: result: yes
configure:15954: checking float.h presence
configure:15969: gcc -E  conftest.c
configure:15976: $? = 0
configure:15990: result: yes
configure:16018: checking for float.h
configure:16027: result: yes
configure:16047: checking for stdlib.h
configure:16054: result: yes
configure:16192: checking for sys/socket.h
configure:16216: gcc -c -g -O2  conftest.c >&5
configure:16223: $? = 0
configure:16240: result: yes
configure:16257: checking for netinet/in.h
configure:16281: gcc -c -g -O2  conftest.c >&5
configure:16288: $? = 0
configure:16305: result: yes
configure:16322: checking for arpa/inet.h
configure:16349: gcc -c -g -O2  conftest.c >&5
configure:16356: $? = 0
configure:16373: result: yes
configure:16402: checking netdb.h usability
configure:16419: gcc -c -g -O2  conftest.c >&5
configure:16426: $? = 0
configure:16440: result: yes
configure:16444: checking netdb.h presence
configure:16459: gcc -E  conftest.c
configure:16466: $? = 0
configure:16480: result: yes
configure:16508: checking for netdb.h
configure:16517: result: yes
configure:16548: checking sys/time.h usability
configure:16565: gcc -c -g -O2  conftest.c >&5
configure:16572: $? = 0
configure:16586: result: yes
configure:16590: checking sys/time.h presence
configure:16605: gcc -E  conftest.c
configure:16612: $? = 0
configure:16626: result: yes
configure:16654: checking for sys/time.h
configure:16663: result: yes
configure:16694: checking sys/select.h usability
configure:16711: gcc -c -g -O2  conftest.c >&5
configure:16718: $? = 0
configure:16732: result: yes
configure:16736: checking sys/select.h presence
configure:16751: gcc -E  conftest.c
configure:16758: $? = 0
configure:16772: result: yes
configure:16800: checking for sys/select.h
configure:16809: result: yes
configure:16840: checking poll.h usability
configure:16857: gcc -c -g -O2  conftest.c >&5
configure:16864: $? = 0
configure:16878: result: yes
configure:16882: checking poll.h presence
configure:16897: gcc -E  conftest.c
configure:16904: $? = 0
configure:16918: result: yes
configure:16946: checking for poll.h
configure:16955: result: yes
configure:16986: checking sys/mman.h usability
configure:17003: gcc -c -g -O2  conftest.c >&5
configure:17010: $? = 0
configure:17024: result: yes
configure:17028: checking sys/mman.h presence
configure:17043: gcc -E  conftest.c
configure:17050: $? = 0
configure:17064: result: yes
configure:17092: checking for sys/mman.h
configure:17101: result: yes
configure:17132: checking sys/timeb.h usability
configure:17149: gcc -c -g -O2  conftest.c >&5
configure:17156: $? = 0
configure:17170: result: yes
configure:17174: checking sys/timeb.h presence
configure:17189: gcc -E  conftest.c
configure:17196: $? = 0
configure:17210: result: yes
configure:17238: checking for sys/timeb.h
configure:17247: result: yes
configure:17278: checking signal.h usability
configure:17295: gcc -c -g -O2  conftest.c >&5
configure:17302: $? = 0
configure:17316: result: yes
configure:17320: checking signal.h presence
configure:17335: gcc -E  conftest.c
configure:17342: $? = 0
configure:17356: result: yes
configure:17384: checking for signal.h
configure:17393: result: yes
configure:17412: checking for arpa/nameser.h
configure:17436: gcc -c -g -O2  conftest.c >&5
configure:17443: $? = 0
configure:17460: result: yes
configure:17477: checking for resolv.h
configure:17507: gcc -c -g -O2  conftest.c >&5
configure:17514: $? = 0
configure:17531: result: yes
configure:17560: checking dl.h usability
configure:17577: gcc -c -g -O2  conftest.c >&5
conftest.c:89:16: fatal error: dl.h: No such file or directory
compilation terminated.
configure:17584: $? = 1
configure: failed program was:
| /* confdefs.h.  */
| #define PACKAGE_NAME ""
| #define PACKAGE_TARNAME ""
| #define PACKAGE_VERSION ""
| #define PACKAGE_STRING ""
| #define PACKAGE_BUGREPORT ""
| #define PACKAGE "libxml2"
| #define VERSION "2.7.4"
| #define PROTOTYPES 1
| #define __PROTOTYPES 1
| #define STDC_HEADERS 1
| #define HAVE_SYS_TYPES_H 1
| #define HAVE_SYS_STAT_H 1
| #define HAVE_STDLIB_H 1
| #define HAVE_STRING_H 1
| #define HAVE_MEMORY_H 1
| #define HAVE_STRINGS_H 1
| #define HAVE_INTTYPES_H 1
| #define HAVE_STDINT_H 1
| #define HAVE_UNISTD_H 1
| #define HAVE_STRING_H 1
| #define HAVE_DLFCN_H 1
| #define LT_OBJDIR ".libs/"
| #define HAVE_ZLIB_H 1
| #define HAVE_LIBZ 1
| #define HAVE_DIRENT_H 1
| #define STDC_HEADERS 1
| #define HAVE_FCNTL_H 1
| #define HAVE_UNISTD_H 1
| #define HAVE_CTYPE_H 1
| #define HAVE_DIRENT_H 1
| #define HAVE_ERRNO_H 1
| #define HAVE_MALLOC_H 1
| #define HAVE_STDARG_H 1
| #define HAVE_SYS_STAT_H 1
| #define HAVE_SYS_TYPES_H 1
| #define HAVE_STDINT_H 1
| #define HAVE_TIME_H 1
| #define HAVE_MATH_H 1
| #define HAVE_LIMITS_H 1
| #define HAVE_FLOAT_H 1
| #define HAVE_STDLIB_H 1
| #define HAVE_SYS_SOCKET_H 1
| #define HAVE_NETINET_IN_H 1
| #define HAVE_ARPA_INET_H 1
| #define HAVE_NETDB_H 1
| #define HAVE_SYS_TIME_H 1
| #define HAVE_SYS_SELECT_H 1
| #define HAVE_POLL_H 1
| #define HAVE_SYS_MMAN_H 1
| #define HAVE_SYS_TIMEB_H 1
| #define HAVE_SIGNAL_H 1
| #define HAVE_ARPA_NAMESER_H 1
| #define HAVE_RESOLV_H 1
| /* end confdefs.h.  */
| #include <stdio.h>
| #ifdef HAVE_SYS_TYPES_H
| # include <sys/types.h>
| #endif
| #ifdef HAVE_SYS_STAT_H
| # include <sys/stat.h>
| #endif
| #ifdef STDC_HEADERS
| # include <stdlib.h>
| # include <stddef.h>
| #else
| # ifdef HAVE_STDLIB_H
| #  include <stdlib.h>
| # endif
| #endif
| #ifdef HAVE_STRING_H
| # if !defined STDC_HEADERS && defined HAVE_MEMORY_H
| #  include <memory.h>
| # endif
| # include <string.h>
| #endif
| #ifdef HAVE_STRINGS_H
| # include <strings.h>
| #endif
| #ifdef HAVE_INTTYPES_H
| # include <inttypes.h>
| #endif
| #ifdef HAVE_STDINT_H
| # include <stdint.h>
| #endif
| #ifdef HAVE_UNISTD_H
| # include <unistd.h>
| #endif
| #include <dl.h>
configure:17598: result: no
configure:17602: checking dl.h presence
configure:17617: gcc -E  conftest.c
conftest.c:56:16: fatal error: dl.h: No such file or directory
compilation terminated.
configure:17624: $? = 1
configure: failed program was:
| /* confdefs.h.  */
| #define PACKAGE_NAME ""
| #define PACKAGE_TARNAME ""
| #define PACKAGE_VERSION ""
| #define PACKAGE_STRING ""
| #define PACKAGE_BUGREPORT ""
| #define PACKAGE "libxml2"
| #define VERSION "2.7.4"
| #define PROTOTYPES 1
| #define __PROTOTYPES 1
| #define STDC_HEADERS 1
| #define HAVE_SYS_TYPES_H 1
| #define HAVE_SYS_STAT_H 1
| #define HAVE_STDLIB_H 1
| #define HAVE_STRING_H 1
| #define HAVE_MEMORY_H 1
| #define HAVE_STRINGS_H 1
| #define HAVE_INTTYPES_H 1
| #define HAVE_STDINT_H 1
| #define HAVE_UNISTD_H 1
| #define HAVE_STRING_H 1
| #define HAVE_DLFCN_H 1
| #define LT_OBJDIR ".libs/"
| #define HAVE_ZLIB_H 1
| #define HAVE_LIBZ 1
| #define HAVE_DIRENT_H 1
| #define STDC_HEADERS 1
| #define HAVE_FCNTL_H 1
| #define HAVE_UNISTD_H 1
| #define HAVE_CTYPE_H 1
| #define HAVE_DIRENT_H 1
| #define HAVE_ERRNO_H 1
| #define HAVE_MALLOC_H 1
| #define HAVE_STDARG_H 1
| #define HAVE_SYS_STAT_H 1
| #define HAVE_SYS_TYPES_H 1
| #define HAVE_STDINT_H 1
| #define HAVE_TIME_H 1
| #define HAVE_MATH_H 1
| #define HAVE_LIMITS_H 1
| #define HAVE_FLOAT_H 1
| #define HAVE_STDLIB_H 1
| #define HAVE_SYS_SOCKET_H 1
| #define HAVE_NETINET_IN_H 1
| #define HAVE_ARPA_INET_H 1
| #define HAVE_NETDB_H 1
| #define HAVE_SYS_TIME_H 1
| #define HAVE_SYS_SELECT_H 1
| #define HAVE_POLL_H 1
| #define HAVE_SYS_MMAN_H 1
| #define HAVE_SYS_TIMEB_H 1
| #define HAVE_SIGNAL_H 1
| #define HAVE_ARPA_NAMESER_H 1
| #define HAVE_RESOLV_H 1
| /* end confdefs.h.  */
| #include <dl.h>
configure:17638: result: no
configure:17666: checking for dl.h
configure:17675: result: no
configure:17695: checking for dlfcn.h
configure:17702: result: yes
configure:17844: checking for strftime
configure:17900: gcc -o conftest -g -O2   conftest.c  >&5
conftest.c:80:6: warning: conflicting types for built-in function 'strftime'
 char strftime ();
      ^
configure:17907: $? = 0
configure:17929: result: yes
configure:18022: checking for strdup
configure:18078: gcc -o conftest -g -O2   conftest.c  >&5
conftest.c:81:6: warning: conflicting types for built-in function 'strdup'
 char strdup ();
      ^
configure:18085: $? = 0
configure:18107: result: yes
configure:18022: checking for strndup
configure:18078: gcc -o conftest -g -O2   conftest.c  >&5
conftest.c:82:6: warning: conflicting types for built-in function 'strndup'
 char strndup ();
      ^
configure:18085: $? = 0
configure:18107: result: yes
configure:18022: checking for strerror
configure:18078: gcc -o conftest -g -O2   conftest.c  >&5
configure:18085: $? = 0
configure:18107: result: yes
configure:18127: checking for finite
configure:18183: gcc -o conftest -g -O2   conftest.c  >&5
conftest.c:84:6: warning: conflicting types for built-in function 'finite'
 char finite ();
      ^
configure:18190: $? = 0
configure:18212: result: yes
configure:18127: checking for isnand
configure:18183: gcc -o conftest -g -O2   conftest.c  >&5
/tmp/ccFHEO9y.o: In function `main':
/home/jesse/llrp/LLRPToolkit/opensource/tarBalls/libxml2-2.7.4/conftest.c:96: undefined reference to `isnand'
collect2: error: ld returned 1 exit status
configure:18190: $? = 1
configure: failed program was:
| /* confdefs.h.  */
| #define PACKAGE_NAME ""
| #define PACKAGE_TARNAME ""
| #define PACKAGE_VERSION ""
| #define PACKAGE_STRING ""
| #define PACKAGE_BUGREPORT ""
| #define PACKAGE "libxml2"
| #define VERSION "2.7.4"
| #define PROTOTYPES 1
| #define __PROTOTYPES 1
| #define STDC_HEADERS 1
| #define HAVE_SYS_TYPES_H 1
| #define HAVE_SYS_STAT_H 1
| #define HAVE_STDLIB_H 1
| #define HAVE_STRING_H 1
| #define HAVE_MEMORY_H 1
| #define HAVE_STRINGS_H 1
| #define HAVE_INTTYPES_H 1
| #define HAVE_STDINT_H 1
| #define HAVE_UNISTD_H 1
| #define HAVE_STRING_H 1
| #define HAVE_DLFCN_H 1
| #define LT_OBJDIR ".libs/"
| #define HAVE_ZLIB_H 1
| #define HAVE_LIBZ 1
| #define HAVE_DIRENT_H 1
| #define STDC_HEADERS 1
| #define HAVE_FCNTL_H 1
| #define HAVE_UNISTD_H 1
| #define HAVE_CTYPE_H 1
| #define HAVE_DIRENT_H 1
| #define HAVE_ERRNO_H 1
| #define HAVE_MALLOC_H 1
| #define HAVE_STDARG_H 1
| #define HAVE_SYS_STAT_H 1
| #define HAVE_SYS_TYPES_H 1
| #define HAVE_STDINT_H 1
| #define HAVE_TIME_H 1
| #define HAVE_MATH_H 1
| #define HAVE_LIMITS_H 1
| #define HAVE_FLOAT_H 1
| #define HAVE_STDLIB_H 1
| #define HAVE_SYS_SOCKET_H 1
| #define HAVE_NETINET_IN_H 1
| #define HAVE_ARPA_INET_H 1
| #define HAVE_NETDB_H 1
| #define HAVE_SYS_TIME_H 1
| #define HAVE_SYS_SELECT_H 1
| #define HAVE_POLL_H 1
| #define HAVE_SYS_MMAN_H 1
| #define HAVE_SYS_TIMEB_H 1
| #define HAVE_SIGNAL_H 1
| #define HAVE_ARPA_NAMESER_H 1
| #define HAVE_RESOLV_H 1
| #define HAVE_DLFCN_H 1
| #define HAVE_STRFTIME 1
| #define HAVE_STRDUP 1
| #define HAVE_STRNDUP 1
| #define HAVE_STRERROR 1
| #define HAVE_FINITE 1
| /* end confdefs.h.  */
| /* Define isnand to an innocuous variant, in case <limits.h> declares isnand.
|    For example, HP-UX 11i <limits.h> declares gettimeofday.  */
| #define isnand innocuous_isnand
| 
| /* System header to define __stub macros and hopefully few prototypes,
|     which can conflict with char isnand (); below.
|     Prefer <limits.h> to <assert.h> if __STDC__ is defined, since
|     <limits.h> exists even on freestanding compilers.  */
| 
| #ifdef __STDC__
| # include <limits.h>
| #else
| # include <assert.h>
| #endif
| 
| #undef isnand
| 
| /* Override any GCC internal prototype to avoid an error.
|    Use char because int might match the return type of a GCC
|    builtin and then its argument prototype would still apply.  */
| #ifdef __cplusplus
| extern "C"
| #endif
| char isnand ();
| /* The GNU C library defines this for functions which it implements
|     to always fail with ENOSYS.  Some functions are actually named
|     something starting with __ and the normal name is an alias.  */
| #if defined __stub_isnand || defined __stub___isnand
| choke me
| #endif
| 
| int
| main ()
| {
| return isnand ();
|   ;
|   return 0;
| }
configure:18212: result: no
configure:18127: checking for fp_class
configure:18183: gcc -o conftest -g -O2   conftest.c  >&5
/tmp/ccff8frt.o: In function `main':
/home/jesse/llrp/LLRPToolkit/opensource/tarBalls/libxml2-2.7.4/conftest.c:96: undefined reference to `fp_class'
collect2: error: ld returned 1 exit status
configure:18190: $? = 1
configure: failed program was:
| /* confdefs.h.  */
| #define PACKAGE_NAME ""
| #define PACKAGE_TARNAME ""
| #define PACKAGE_VERSION ""
| #define PACKAGE_STRING ""
| #define PACKAGE_BUGREPORT ""
| #define PACKAGE "libxml2"
| #define VERSION "2.7.4"
| #define PROTOTYPES 1
| #define __PROTOTYPES 1
| #define STDC_HEADERS 1
| #define HAVE_SYS_TYPES_H 1
| #define HAVE_SYS_STAT_H 1
| #define HAVE_STDLIB_H 1
| #define HAVE_STRING_H 1
| #define HAVE_MEMORY_H 1
| #define HAVE_STRINGS_H 1
| #define HAVE_INTTYPES_H 1
| #define HAVE_STDINT_H 1
| #define HAVE_UNISTD_H 1
| #define HAVE_STRING_H 1
| #define HAVE_DLFCN_H 1
| #define LT_OBJDIR ".libs/"
| #define HAVE_ZLIB_H 1
| #define HAVE_LIBZ 1
| #define HAVE_DIRENT_H 1
| #define STDC_HEADERS 1
| #define HAVE_FCNTL_H 1
| #define HAVE_UNISTD_H 1
| #define HAVE_CTYPE_H 1
| #define HAVE_DIRENT_H 1
| #define HAVE_ERRNO_H 1
| #define HAVE_MALLOC_H 1
| #define HAVE_STDARG_H 1
| #define HAVE_SYS_STAT_H 1
| #define HAVE_SYS_TYPES_H 1
| #define HAVE_STDINT_H 1
| #define HAVE_TIME_H 1
| #define HAVE_MATH_H 1
| #define HAVE_LIMITS_H 1
| #define HAVE_FLOAT_H 1
| #define HAVE_STDLIB_H 1
| #define HAVE_SYS_SOCKET_H 1
| #define HAVE_NETINET_IN_H 1
| #define HAVE_ARPA_INET_H 1
| #define HAVE_NETDB_H 1
| #define HAVE_SYS_TIME_H 1
| #define HAVE_SYS_SELECT_H 1
| #define HAVE_POLL_H 1
| #define HAVE_SYS_MMAN_H 1
| #define HAVE_SYS_TIMEB_H 1
| #define HAVE_SIGNAL_H 1
| #define HAVE_ARPA_NAMESER_H 1
| #define HAVE_RESOLV_H 1
| #define HAVE_DLFCN_H 1
| #define HAVE_STRFTIME 1
| #define HAVE_STRDUP 1
| #define HAVE_STRNDUP 1
| #define HAVE_STRERROR 1
| #define HAVE_FINITE 1
| /* end confdefs.h.  */
| /* Define fp_class to an innocuous variant, in case <limits.h> declares fp_class.
|    For example, HP-UX 11i <limits.h> declares gettimeofday.  */
| #define fp_class innocuous_fp_class
| 
| /* System header to define __stub macros and hopefully few prototypes,
|     which can conflict with char fp_class (); below.
|     Prefer <limits.h> to <assert.h> if __STDC__ is defined, since
|     <limits.h> exists even on freestanding compilers.  */
| 
| #ifdef __STDC__
| # include <limits.h>
| #else
| # include <assert.h>
| #endif
| 
| #undef fp_class
| 
| /* Override any GCC internal prototype to avoid an error.
|    Use char because int might match the return type of a GCC
|    builtin and then its argument prototype would still apply.  */
| #ifdef __cplusplus
| extern "C"
| #endif
| char fp_class ();
| /* The GNU C library defines this for functions which it implements
|     to always fail with ENOSYS.  Some functions are actually named
|     something starting with __ and the normal name is an alias.  */
| #if defined __stub_fp_class || defined __stub___fp_class
| choke me
| #endif
| 
| int
| main ()
| {
| return fp_class ();
|   ;
|   return 0;
| }
configure:18212: result: no
configure:18127: checking for class
configure:18183: gcc -o conftest -g -O2   conftest.c  >&5
/tmp/ccPjkCtA.o: In function `main':
/home/jesse/llrp/LLRPToolkit/opensource/tarBalls/libxml2-2.7.4/conftest.c:96: undefined reference to `class'
collect2: error: ld returned 1 exit status
configure:18190: $? = 1
configure: failed program was:
| /* confdefs.h.  */
| #define PACKAGE_NAME ""
| #define PACKAGE_TARNAME ""
| #define PACKAGE_VERSION ""
| #define PACKAGE_STRING ""
| #define PACKAGE_BUGREPORT ""
| #define PACKAGE "libxml2"
| #define VERSION "2.7.4"
| #define PROTOTYPES 1
| #define __PROTOTYPES 1
| #define STDC_HEADERS 1
| #define HAVE_SYS_TYPES_H 1
| #define HAVE_SYS_STAT_H 1
| #define HAVE_STDLIB_H 1
| #define HAVE_STRING_H 1
| #define HAVE_MEMORY_H 1
| #define HAVE_STRINGS_H 1
| #define HAVE_INTTYPES_H 1
| #define HAVE_STDINT_H 1
| #define HAVE_UNISTD_H 1
| #define HAVE_STRING_H 1
| #define HAVE_DLFCN_H 1
| #define LT_OBJDIR ".libs/"
| #define HAVE_ZLIB_H 1
| #define HAVE_LIBZ 1
| #define HAVE_DIRENT_H 1
| #define STDC_HEADERS 1
| #define HAVE_FCNTL_H 1
| #define HAVE_UNISTD_H 1
| #define HAVE_CTYPE_H 1
| #define HAVE_DIRENT_H 1
| #define HAVE_ERRNO_H 1
| #define HAVE_MALLOC_H 1
| #define HAVE_STDARG_H 1
| #define HAVE_SYS_STAT_H 1
| #define HAVE_SYS_TYPES_H 1
| #define HAVE_STDINT_H 1
| #define HAVE_TIME_H 1
| #define HAVE_MATH_H 1
| #define HAVE_LIMITS_H 1
| #define HAVE_FLOAT_H 1
| #define HAVE_STDLIB_H 1
| #define HAVE_SYS_SOCKET_H 1
| #define HAVE_NETINET_IN_H 1
| #define HAVE_ARPA_INET_H 1
| #define HAVE_NETDB_H 1
| #define HAVE_SYS_TIME_H 1
| #define HAVE_SYS_SELECT_H 1
| #define HAVE_POLL_H 1
| #define HAVE_SYS_MMAN_H 1
| #define HAVE_SYS_TIMEB_H 1
| #define HAVE_SIGNAL_H 1
| #define HAVE_ARPA_NAMESER_H 1
| #define HAVE_RESOLV_H 1
| #define HAVE_DLFCN_H 1
| #define HAVE_STRFTIME 1
| #define HAVE_STRDUP 1
| #define HAVE_STRNDUP 1
| #define HAVE_STRERROR 1
| #define HAVE_FINITE 1
| /* end confdefs.h.  */
| /* Define class to an innocuous variant, in case <limits.h> declares class.
|    For example, HP-UX 11i <limits.h> declares gettimeofday.  */
| #define class innocuous_class
| 
| /* System header to define __stub macros and hopefully few prototypes,
|     which can conflict with char class (); below.
|     Prefer <limits.h> to <assert.h> if __STDC__ is defined, since
|     <limits.h> exists even on freestanding compilers.  */
| 
| #ifdef __STDC__
| # include <limits.h>
| #else
| # include <assert.h>
| #endif
| 
| #undef class
| 
| /* Override any GCC internal prototype to avoid an error.
|    Use char because int might match the return type of a GCC
|    builtin and then its argument prototype would still apply.  */
| #ifdef __cplusplus
| extern "C"
| #endif
| char class ();
| /* The GNU C library defines this for functions which it implements
|     to always fail with ENOSYS.  Some functions are actually named
|     something starting with __ and the normal name is an alias.  */
| #if defined __stub_class || defined __stub___class
| choke me
| #endif
| 
| int
| main ()
| {
| return class ();
|   ;
|   return 0;
| }
configure:18212: result: no
configure:18127: checking for fpclass
configure:18183: gcc -o conftest -g -O2   conftest.c  >&5
/tmp/ccidpj6A.o: In function `main':
/home/jesse/llrp/LLRPToolkit/opensource/tarBalls/libxml2-2.7.4/conftest.c:96: undefined reference to `fpclass'
collect2: error: ld returned 1 exit status
configure:18190: $? = 1
configure: failed program was:
| /* confdefs.h.  */
| #define PACKAGE_NAME ""
| #define PACKAGE_TARNAME ""
| #define PACKAGE_VERSION ""
| #define PACKAGE_STRING ""
| #define PACKAGE_BUGREPORT ""
| #define PACKAGE "libxml2"
| #define VERSION "2.7.4"
| #define PROTOTYPES 1
| #define __PROTOTYPES 1
| #define STDC_HEADERS 1
| #define HAVE_SYS_TYPES_H 1
| #define HAVE_SYS_STAT_H 1
| #define HAVE_STDLIB_H 1
| #define HAVE_STRING_H 1
| #define HAVE_MEMORY_H 1
| #define HAVE_STRINGS_H 1
| #define HAVE_INTTYPES_H 1
| #define HAVE_STDINT_H 1
| #define HAVE_UNISTD_H 1
| #define HAVE_STRING_H 1
| #define HAVE_DLFCN_H 1
| #define LT_OBJDIR ".libs/"
| #define HAVE_ZLIB_H 1
| #define HAVE_LIBZ 1
| #define HAVE_DIRENT_H 1
| #define STDC_HEADERS 1
| #define HAVE_FCNTL_H 1
| #define HAVE_UNISTD_H 1
| #define HAVE_CTYPE_H 1
| #define HAVE_DIRENT_H 1
| #define HAVE_ERRNO_H 1
| #define HAVE_MALLOC_H 1
| #define HAVE_STDARG_H 1
| #define HAVE_SYS_STAT_H 1
| #define HAVE_SYS_TYPES_H 1
| #define HAVE_STDINT_H 1
| #define HAVE_TIME_H 1
| #define HAVE_MATH_H 1
| #define HAVE_LIMITS_H 1
| #define HAVE_FLOAT_H 1
| #define HAVE_STDLIB_H 1
| #define HAVE_SYS_SOCKET_H 1
| #define HAVE_NETINET_IN_H 1
| #define HAVE_ARPA_INET_H 1
| #define HAVE_NETDB_H 1
| #define HAVE_SYS_TIME_H 1
| #define HAVE_SYS_SELECT_H 1
| #define HAVE_POLL_H 1
| #define HAVE_SYS_MMAN_H 1
| #define HAVE_SYS_TIMEB_H 1
| #define HAVE_SIGNAL_H 1
| #define HAVE_ARPA_NAMESER_H 1
| #define HAVE_RESOLV_H 1
| #define HAVE_DLFCN_H 1
| #define HAVE_STRFTIME 1
| #define HAVE_STRDUP 1
| #define HAVE_STRNDUP 1
| #define HAVE_STRERROR 1
| #define HAVE_FINITE 1
| /* end confdefs.h.  */
| /* Define fpclass to an innocuous variant, in case <limits.h> declares fpclass.
|    For example, HP-UX 11i <limits.h> declares gettimeofday.  */
| #define fpclass innocuous_fpclass
| 
| /* System header to define __stub macros and hopefully few prototypes,
|     which can conflict with char fpclass (); below.
|     Prefer <limits.h> to <assert.h> if __STDC__ is defined, since
|     <limits.h> exists even on freestanding compilers.  */
| 
| #ifdef __STDC__
| # include <limits.h>
| #else
| # include <assert.h>
| #endif
| 
| #undef fpclass
| 
| /* Override any GCC internal prototype to avoid an error.
|    Use char because int might match the return type of a GCC
|    builtin and then its argument prototype would still apply.  */
| #ifdef __cplusplus
| extern "C"
| #endif
| char fpclass ();
| /* The GNU C library defines this for functions which it implements
|     to always fail with ENOSYS.  Some functions are actually named
|     something starting with __ and the normal name is an alias.  */
| #if defined __stub_fpclass || defined __stub___fpclass
| choke me
| #endif
| 
| int
| main ()
| {
| return fpclass ();
|   ;
|   return 0;
| }
configure:18212: result: no
configure:18231: checking for strftime
configure:18316: result: yes
configure:18231: checking for localtime
configure:18287: gcc -o conftest -g -O2   conftest.c  >&5
configure:18294: $? = 0
configure:18316: result: yes
configure:18231: checking for gettimeofday
configure:18287: gcc -o conftest -g -O2   conftest.c  >&5
configure:18294: $? = 0
configure:18316: result: yes
configure:18231: checking for ftime
configure:18287: gcc -o conftest -g -O2   conftest.c  >&5
configure:18294: $? = 0
configure:18316: result: yes
configure:18334: checking for stat
configure:18390: gcc -o conftest -g -O2   conftest.c  >&5
configure:18397: $? = 0
configure:18419: result: yes
configure:18334: checking for _stat
configure:18390: gcc -o conftest -g -O2   conftest.c  >&5
/tmp/ccvHz0BV.o: In function `main':
/home/jesse/llrp/LLRPToolkit/opensource/tarBalls/libxml2-2.7.4/conftest.c:101: undefined reference to `_stat'
collect2: error: ld returned 1 exit status
configure:18397: $? = 1
configure: failed program was:
| /* confdefs.h.  */
| #define PACKAGE_NAME ""
| #define PACKAGE_TARNAME ""
| #define PACKAGE_VERSION ""
| #define PACKAGE_STRING ""
| #define PACKAGE_BUGREPORT ""
| #define PACKAGE "libxml2"
| #define VERSION "2.7.4"
| #define PROTOTYPES 1
| #define __PROTOTYPES 1
| #define STDC_HEADERS 1
| #define HAVE_SYS_TYPES_H 1
| #define HAVE_SYS_STAT_H 1
| #define HAVE_STDLIB_H 1
| #define HAVE_STRING_H 1
| #define HAVE_MEMORY_H 1
| #define HAVE_STRINGS_H 1
| #define HAVE_INTTYPES_H 1
| #define HAVE_STDINT_H 1
| #define HAVE_UNISTD_H 1
| #define HAVE_STRING_H 1
| #define HAVE_DLFCN_H 1
| #define LT_OBJDIR ".libs/"
| #define HAVE_ZLIB_H 1
| #define HAVE_LIBZ 1
| #define HAVE_DIRENT_H 1
| #define STDC_HEADERS 1
| #define HAVE_FCNTL_H 1
| #define HAVE_UNISTD_H 1
| #define HAVE_CTYPE_H 1
| #define HAVE_DIRENT_H 1
| #define HAVE_ERRNO_H 1
| #define HAVE_MALLOC_H 1
| #define HAVE_STDARG_H 1
| #define HAVE_SYS_STAT_H 1
| #define HAVE_SYS_TYPES_H 1
| #define HAVE_STDINT_H 1
| #define HAVE_TIME_H 1
| #define HAVE_MATH_H 1
| #define HAVE_LIMITS_H 1
| #define HAVE_FLOAT_H 1
| #define HAVE_STDLIB_H 1
| #define HAVE_SYS_SOCKET_H 1
| #define HAVE_NETINET_IN_H 1
| #define HAVE_ARPA_INET_H 1
| #define HAVE_NETDB_H 1
| #define HAVE_SYS_TIME_H 1
| #define HAVE_SYS_SELECT_H 1
| #define HAVE_POLL_H 1
| #define HAVE_SYS_MMAN_H 1
| #define HAVE_SYS_TIMEB_H 1
| #define HAVE_SIGNAL_H 1
| #define HAVE_ARPA_NAMESER_H 1
| #define HAVE_RESOLV_H 1
| #define HAVE_DLFCN_H 1
| #define HAVE_STRFTIME 1
| #define HAVE_STRDUP 1
| #define HAVE_STRNDUP 1
| #define HAVE_STRERROR 1
| #define HAVE_FINITE 1
| #define HAVE_STRFTIME 1
| #define HAVE_LOCALTIME 1
| #define HAVE_GETTIMEOFDAY 1
| #define HAVE_FTIME 1
| #define HAVE_STAT 1
| /* end confdefs.h.  */
| /* Define _stat to an innocuous variant, in case <limits.h> declares _stat.
|    For example, HP-UX 11i <limits.h> declares gettimeofday.  */
| #define _stat innocuous__stat
| 
| /* System header to define __stub macros and hopefully few prototypes,
|     which can conflict with char _stat (); below.
|     Prefer <limits.h> to <assert.h> if __STDC__ is defined, since
|     <limits.h> exists even on freestanding compilers.  */
| 
| #ifdef __STDC__
| # include <limits.h>
| #else
| # include <assert.h>
| #endif
| 
| #undef _stat
| 
| /* Override any GCC internal prototype to avoid an error.
|    Use char because int might match the return type of a GCC
|    builtin and then its argument prototype would still apply.  */
| #ifdef __cplusplus
| extern "C"
| #endif
| char _stat ();
| /* The GNU C library defines this for functions which it implements
|     to always fail with ENOSYS.  Some functions are actually named
|     something starting with __ and the normal name is an alias.  */
| #if defined __stub__stat || defined __stub____stat
| choke me
| #endif
| 
| int
| main ()
| {
| return _stat ();
|   ;
|   return 0;
| }
configure:18419: result: no
configure:18334: checking for signal
configure:18390: gcc -o conftest -g -O2   conftest.c  >&5
configure:18397: $? = 0
configure:18419: result: yes
configure:18443: checking for printf
configure:18499: gcc -o conftest -g -O2   conftest.c  >&5
conftest.c:91:6: warning: conflicting types for built-in function 'printf'
 char printf ();
      ^
configure:18506: $? = 0
configure:18528: result: yes
configure:18443: checking for sprintf
configure:18499: gcc -o conftest -g -O2   conftest.c  >&5
conftest.c:92:6: warning: conflicting types for built-in function 'sprintf'
 char sprintf ();
      ^
configure:18506: $? = 0
configure:18528: result: yes
configure:18443: checking for fprintf
configure:18499: gcc -o conftest -g -O2   conftest.c  >&5
conftest.c:93:6: warning: conflicting types for built-in function 'fprintf'
 char fprintf ();
      ^
configure:18506: $? = 0
configure:18528: result: yes
configure:18443: checking for snprintf
configure:18499: gcc -o conftest -g -O2   conftest.c  >&5
conftest.c:94:6: warning: conflicting types for built-in function 'snprintf'
 char snprintf ();
      ^
configure:18506: $? = 0
configure:18528: result: yes
configure:18443: checking for vfprintf
configure:18499: gcc -o conftest -g -O2   conftest.c  >&5
conftest.c:95:6: warning: conflicting types for built-in function 'vfprintf'
 char vfprintf ();
      ^
configure:18506: $? = 0
configure:18528: result: yes
configure:18443: checking for vsprintf
configure:18499: gcc -o conftest -g -O2   conftest.c  >&5
conftest.c:96:6: warning: conflicting types for built-in function 'vsprintf'
 char vsprintf ();
      ^
configure:18506: $? = 0
configure:18528: result: yes
configure:18443: checking for vsnprintf
configure:18499: gcc -o conftest -g -O2   conftest.c  >&5
conftest.c:97:6: warning: conflicting types for built-in function 'vsnprintf'
 char vsnprintf ();
      ^
configure:18506: $? = 0
configure:18528: result: yes
configure:18443: checking for sscanf
configure:18499: gcc -o conftest -g -O2   conftest.c  >&5
conftest.c:98:6: warning: conflicting types for built-in function 'sscanf'
 char sscanf ();
      ^
configure:18506: $? = 0
configure:18528: result: yes
configure:18543: checking for va_copy
configure:18567: gcc -o conftest -g -O2   conftest.c  >&5
configure:18574: $? = 0
configure:18593: result: yes
configure:18663: checking for library containing gethostent
configure:18704: gcc -o conftest -g -O2   conftest.c  >&5
configure:18711: $? = 0
configure:18742: result: none required
configure:18750: checking for library containing setsockopt
configure:18791: gcc -o conftest -g -O2   conftest.c  >&5
configure:18798: $? = 0
configure:18829: result: none required
configure:18837: checking for library containing connect
configure:18878: gcc -o conftest -g -O2   conftest.c  >&5
configure:18885: $? = 0
configure:18916: result: none required
configure:18925: checking for type of socket length (socklen_t)
configure:18939: gcc -c -g -O2  conftest.c >&5
configure:18942: result: socklen_t *
configure:19012: checking whether to enable IPv6
configure:19054: gcc -c -g -O2  conftest.c >&5
configure:19061: $? = 0
configure:19076: result: yes
configure:19087: checking struct sockaddr::ss_family
configure:19116: gcc -c -g -O2  conftest.c >&5
configure:19123: $? = 0
configure:19138: result: yes
configure:19212: checking for getaddrinfo
configure:19268: gcc -o conftest -g -O2   conftest.c  >&5
configure:19275: $? = 0
configure:19295: result: yes
configure:19391: checking for isnan
configure:19447: gcc -o conftest -g -O2   conftest.c  >&5
conftest.c:103:6: warning: conflicting types for built-in function 'isnan'
 char isnan ();
      ^
configure:19454: $? = 0
configure:19474: result: yes
configure:19559: checking for isinf
configure:19615: gcc -o conftest -g -O2   conftest.c  >&5
conftest.c:104:6: warning: conflicting types for built-in function 'isinf'
 char isinf ();
      ^
configure:19622: $? = 0
configure:19642: result: yes
configure:19810: checking for python
configure:19828: found /usr/bin/python
configure:19840: result: /usr/bin/python
configure:19995: checking for shl_load
configure:20051: gcc -o conftest -g -O2 -pedantic -W -Wformat -Wunused -Wimplicit -Wreturn-type -Wswitch -Wcomment -Wtrigraphs -Wformat -Wchar-subscripts -Wuninitialized -Wparentheses -Wshadow -Wpointer-arith -Wcast-align -Wwrite-strings -Waggregate-return -Wstrict-prototypes -Wmissing-prototypes -Wnested-externs -Winline -Wredundant-decls   conftest.c  >&5
conftest.c:105:1: warning: function declaration isn't a prototype [-Wstrict-prototypes]
 char shl_load ();
 ^
conftest.c:114:1: warning: function declaration isn't a prototype [-Wstrict-prototypes]
 main ()
 ^
/tmp/ccSN6qp2.o: In function `main':
/home/jesse/llrp/LLRPToolkit/opensource/tarBalls/libxml2-2.7.4/conftest.c:116: undefined reference to `shl_load'
collect2: error: ld returned 1 exit status
configure:20058: $? = 1
configure: failed program was:
| /* confdefs.h.  */
| #define PACKAGE_NAME ""
| #define PACKAGE_TARNAME ""
| #define PACKAGE_VERSION ""
| #define PACKAGE_STRING ""
| #define PACKAGE_BUGREPORT ""
| #define PACKAGE "libxml2"
| #define VERSION "2.7.4"
| #define PROTOTYPES 1
| #define __PROTOTYPES 1
| #define STDC_HEADERS 1
| #define HAVE_SYS_TYPES_H 1
| #define HAVE_SYS_STAT_H 1
| #define HAVE_STDLIB_H 1
| #define HAVE_STRING_H 1
| #define HAVE_MEMORY_H 1
| #define HAVE_STRINGS_H 1
| #define HAVE_INTTYPES_H 1
| #define HAVE_STDINT_H 1
| #define HAVE_UNISTD_H 1
| #define HAVE_STRING_H 1
| #define HAVE_DLFCN_H 1
| #define LT_OBJDIR ".libs/"
| #define HAVE_ZLIB_H 1
| #define HAVE_LIBZ 1
| #define HAVE_DIRENT_H 1
| #define STDC_HEADERS 1
| #define HAVE_FCNTL_H 1
| #define HAVE_UNISTD_H 1
| #define HAVE_CTYPE_H 1
| #define HAVE_DIRENT_H 1
| #define HAVE_ERRNO_H 1
| #define HAVE_MALLOC_H 1
| #define HAVE_STDARG_H 1
| #define HAVE_SYS_STAT_H 1
| #define HAVE_SYS_TYPES_H 1
| #define HAVE_STDINT_H 1
| #define HAVE_TIME_H 1
| #define HAVE_MATH_H 1
| #define HAVE_LIMITS_H 1
| #define HAVE_FLOAT_H 1
| #define HAVE_STDLIB_H 1
| #define HAVE_SYS_SOCKET_H 1
| #define HAVE_NETINET_IN_H 1
| #define HAVE_ARPA_INET_H 1
| #define HAVE_NETDB_H 1
| #define HAVE_SYS_TIME_H 1
| #define HAVE_SYS_SELECT_H 1
| #define HAVE_POLL_H 1
| #define HAVE_SYS_MMAN_H 1
| #define HAVE_SYS_TIMEB_H 1
| #define HAVE_SIGNAL_H 1
| #define HAVE_ARPA_NAMESER_H 1
| #define HAVE_RESOLV_H 1
| #define HAVE_DLFCN_H 1
| #define HAVE_STRFTIME 1
| #define HAVE_STRDUP 1
| #define HAVE_STRNDUP 1
| #define HAVE_STRERROR 1
| #define HAVE_FINITE 1
| #define HAVE_STRFTIME 1
| #define HAVE_LOCALTIME 1
| #define HAVE_GETTIMEOFDAY 1
| #define HAVE_FTIME 1
| #define HAVE_STAT 1
| #define HAVE_SIGNAL 1
| #define HAVE_PRINTF 1
| #define HAVE_SPRINTF 1
| #define HAVE_FPRINTF 1
| #define HAVE_SNPRINTF 1
| #define HAVE_VFPRINTF 1
| #define HAVE_VSPRINTF 1
| #define HAVE_VSNPRINTF 1
| #define HAVE_SSCANF 1
| #define HAVE_VA_COPY 1
| #define XML_SOCKLEN_T socklen_t
| #define SUPPORT_IP6 /**/
| #define HAVE_GETADDRINFO /**/
| #define HAVE_ISNAN /**/
| #define HAVE_ISINF /**/
| /* end confdefs.h.  */
| /* Define shl_load to an innocuous variant, in case <limits.h> declares shl_load.
|    For example, HP-UX 11i <limits.h> declares gettimeofday.  */
| #define shl_load innocuous_shl_load
| 
| /* System header to define __stub macros and hopefully few prototypes,
|     which can conflict with char shl_load (); below.
|     Prefer <limits.h> to <assert.h> if __STDC__ is defined, since
|     <limits.h> exists even on freestanding compilers.  */
| 
| #ifdef __STDC__
| # include <limits.h>
| #else
| # include <assert.h>
| #endif
| 
| #undef shl_load
| 
| /* Override any GCC internal prototype to avoid an error.
|    Use char because int might match the return type of a GCC
|    builtin and then its argument prototype would still apply.  */
| #ifdef __cplusplus
| extern "C"
| #endif
| char shl_load ();
| /* The GNU C library defines this for functions which it implements
|     to always fail with ENOSYS.  Some functions are actually named
|     something starting with __ and the normal name is an alias.  */
| #if defined __stub_shl_load || defined __stub___shl_load
| choke me
| #endif
| 
| int
| main ()
| {
| return shl_load ();
|   ;
|   return 0;
| }
configure:20078: result: no
configure:20084: checking for shl_load in -ldld
configure:20119: gcc -o conftest -g -O2 -pedantic -W -Wformat -Wunused -Wimplicit -Wreturn-type -Wswitch -Wcomment -Wtrigraphs -Wformat -Wchar-subscripts -Wuninitialized -Wparentheses -Wshadow -Wpointer-arith -Wcast-align -Wwrite-strings -Waggregate-return -Wstrict-prototypes -Wmissing-prototypes -Wnested-externs -Winline -Wredundant-decls   conftest.c -ldld   >&5
conftest.c:89:1: warning: function declaration isn't a prototype [-Wstrict-prototypes]
 char shl_load ();
 ^
conftest.c:91:1: warning: function declaration isn't a prototype [-Wstrict-prototypes]
 main ()
 ^
/usr/bin/ld: cannot find -ldld
collect2: error: ld returned 1 exit status
configure:20126: $? = 1
configure: failed program was:
| /* confdefs.h.  */
| #define PACKAGE_NAME ""
| #define PACKAGE_TARNAME ""
| #define PACKAGE_VERSION ""
| #define PACKAGE_STRING ""
| #define PACKAGE_BUGREPORT ""
| #define PACKAGE "libxml2"
| #define VERSION "2.7.4"
| #define PROTOTYPES 1
| #define __PROTOTYPES 1
| #define STDC_HEADERS 1
| #define HAVE_SYS_TYPES_H 1
| #define HAVE_SYS_STAT_H 1
| #define HAVE_STDLIB_H 1
| #define HAVE_STRING_H 1
| #define HAVE_MEMORY_H 1
| #define HAVE_STRINGS_H 1
| #define HAVE_INTTYPES_H 1
| #define HAVE_STDINT_H 1
| #define HAVE_UNISTD_H 1
| #define HAVE_STRING_H 1
| #define HAVE_DLFCN_H 1
| #define LT_OBJDIR ".libs/"
| #define HAVE_ZLIB_H 1
| #define HAVE_LIBZ 1
| #define HAVE_DIRENT_H 1
| #define STDC_HEADERS 1
| #define HAVE_FCNTL_H 1
| #define HAVE_UNISTD_H 1
| #define HAVE_CTYPE_H 1
| #define HAVE_DIRENT_H 1
| #define HAVE_ERRNO_H 1
| #define HAVE_MALLOC_H 1
| #define HAVE_STDARG_H 1
| #define HAVE_SYS_STAT_H 1
| #define HAVE_SYS_TYPES_H 1
| #define HAVE_STDINT_H 1
| #define HAVE_TIME_H 1
| #define HAVE_MATH_H 1
| #define HAVE_LIMITS_H 1
| #define HAVE_FLOAT_H 1
| #define HAVE_STDLIB_H 1
| #define HAVE_SYS_SOCKET_H 1
| #define HAVE_NETINET_IN_H 1
| #define HAVE_ARPA_INET_H 1
| #define HAVE_NETDB_H 1
| #define HAVE_SYS_TIME_H 1
| #define HAVE_SYS_SELECT_H 1
| #define HAVE_POLL_H 1
| #define HAVE_SYS_MMAN_H 1
| #define HAVE_SYS_TIMEB_H 1
| #define HAVE_SIGNAL_H 1
| #define HAVE_ARPA_NAMESER_H 1
| #define HAVE_RESOLV_H 1
| #define HAVE_DLFCN_H 1
| #define HAVE_STRFTIME 1
| #define HAVE_STRDUP 1
| #define HAVE_STRNDUP 1
| #define HAVE_STRERROR 1
| #define HAVE_FINITE 1
| #define HAVE_STRFTIME 1
| #define HAVE_LOCALTIME 1
| #define HAVE_GETTIMEOFDAY 1
| #define HAVE_FTIME 1
| #define HAVE_STAT 1
| #define HAVE_SIGNAL 1
| #define HAVE_PRINTF 1
| #define HAVE_SPRINTF 1
| #define HAVE_FPRINTF 1
| #define HAVE_SNPRINTF 1
| #define HAVE_VFPRINTF 1
| #define HAVE_VSPRINTF 1
| #define HAVE_VSNPRINTF 1
| #define HAVE_SSCANF 1
| #define HAVE_VA_COPY 1
| #define XML_SOCKLEN_T socklen_t
| #define SUPPORT_IP6 /**/
| #define HAVE_GETADDRINFO /**/
| #define HAVE_ISNAN /**/
| #define HAVE_ISINF /**/
| /* end confdefs.h.  */
| 
| /* Override any GCC internal prototype to avoid an error.
|    Use char because int might match the return type of a GCC
|    builtin and then its argument prototype would still apply.  */
| #ifdef __cplusplus
| extern "C"
| #endif
| char shl_load ();
| int
| main ()
| {
| return shl_load ();
|   ;
|   return 0;
| }
configure:20147: result: no
configure:20155: checking for dlopen
configure:20211: gcc -o conftest -g -O2 -pedantic -W -Wformat -Wunused -Wimplicit -Wreturn-type -Wswitch -Wcomment -Wtrigraphs -Wformat -Wchar-subscripts -Wuninitialized -Wparentheses -Wshadow -Wpointer-arith -Wcast-align -Wwrite-strings -Waggregate-return -Wstrict-prototypes -Wmissing-prototypes -Wnested-externs -Winline -Wredundant-decls   conftest.c  >&5
conftest.c:105:1: warning: function declaration isn't a prototype [-Wstrict-prototypes]
 char dlopen ();
 ^
conftest.c:114:1: warning: function declaration isn't a prototype [-Wstrict-prototypes]
 main ()
 ^
/tmp/ccUan1s9.o: In function `main':
/home/jesse/llrp/LLRPToolkit/opensource/tarBalls/libxml2-2.7.4/conftest.c:116: undefined reference to `dlopen'
collect2: error: ld returned 1 exit status
configure:20218: $? = 1
configure: failed program was:
| /* confdefs.h.  */
| #define PACKAGE_NAME ""
| #define PACKAGE_TARNAME ""
| #define PACKAGE_VERSION ""
| #define PACKAGE_STRING ""
| #define PACKAGE_BUGREPORT ""
| #define PACKAGE "libxml2"
| #define VERSION "2.7.4"
| #define PROTOTYPES 1
| #define __PROTOTYPES 1
| #define STDC_HEADERS 1
| #define HAVE_SYS_TYPES_H 1
| #define HAVE_SYS_STAT_H 1
| #define HAVE_STDLIB_H 1
| #define HAVE_STRING_H 1
| #define HAVE_MEMORY_H 1
| #define HAVE_STRINGS_H 1
| #define HAVE_INTTYPES_H 1
| #define HAVE_STDINT_H 1
| #define HAVE_UNISTD_H 1
| #define HAVE_STRING_H 1
| #define HAVE_DLFCN_H 1
| #define LT_OBJDIR ".libs/"
| #define HAVE_ZLIB_H 1
| #define HAVE_LIBZ 1
| #define HAVE_DIRENT_H 1
| #define STDC_HEADERS 1
| #define HAVE_FCNTL_H 1
| #define HAVE_UNISTD_H 1
| #define HAVE_CTYPE_H 1
| #define HAVE_DIRENT_H 1
| #define HAVE_ERRNO_H 1
| #define HAVE_MALLOC_H 1
| #define HAVE_STDARG_H 1
| #define HAVE_SYS_STAT_H 1
| #define HAVE_SYS_TYPES_H 1
| #define HAVE_STDINT_H 1
| #define HAVE_TIME_H 1
| #define HAVE_MATH_H 1
| #define HAVE_LIMITS_H 1
| #define HAVE_FLOAT_H 1
| #define HAVE_STDLIB_H 1
| #define HAVE_SYS_SOCKET_H 1
| #define HAVE_NETINET_IN_H 1
| #define HAVE_ARPA_INET_H 1
| #define HAVE_NETDB_H 1
| #define HAVE_SYS_TIME_H 1
| #define HAVE_SYS_SELECT_H 1
| #define HAVE_POLL_H 1
| #define HAVE_SYS_MMAN_H 1
| #define HAVE_SYS_TIMEB_H 1
| #define HAVE_SIGNAL_H 1
| #define HAVE_ARPA_NAMESER_H 1
| #define HAVE_RESOLV_H 1
| #define HAVE_DLFCN_H 1
| #define HAVE_STRFTIME 1
| #define HAVE_STRDUP 1
| #define HAVE_STRNDUP 1
| #define HAVE_STRERROR 1
| #define HAVE_FINITE 1
| #define HAVE_STRFTIME 1
| #define HAVE_LOCALTIME 1
| #define HAVE_GETTIMEOFDAY 1
| #define HAVE_FTIME 1
| #define HAVE_STAT 1
| #define HAVE_SIGNAL 1
| #define HAVE_PRINTF 1
| #define HAVE_SPRINTF 1
| #define HAVE_FPRINTF 1
| #define HAVE_SNPRINTF 1
| #define HAVE_VFPRINTF 1
| #define HAVE_VSPRINTF 1
| #define HAVE_VSNPRINTF 1
| #define HAVE_SSCANF 1
| #define HAVE_VA_COPY 1
| #define XML_SOCKLEN_T socklen_t
| #define SUPPORT_IP6 /**/
| #define HAVE_GETADDRINFO /**/
| #define HAVE_ISNAN /**/
| #define HAVE_ISINF /**/
| /* end confdefs.h.  */
| /* Define dlopen to an innocuous variant, in case <limits.h> declares dlopen.
|    For example, HP-UX 11i <limits.h> declares gettimeofday.  */
| #define dlopen innocuous_dlopen
| 
| /* System header to define __stub macros and hopefully few prototypes,
|     which can conflict with char dlopen (); below.
|     Prefer <limits.h> to <assert.h> if __STDC__ is defined, since
|     <limits.h> exists even on freestanding compilers.  */
| 
| #ifdef __STDC__
| # include <limits.h>
| #else
| # include <assert.h>
| #endif
| 
| #undef dlopen
| 
| /* Override any GCC internal prototype to avoid an error.
|    Use char because int might match the return type of a GCC
|    builtin and then its argument prototype would still apply.  */
| #ifdef __cplusplus
| extern "C"
| #endif
| char dlopen ();
| /* The GNU C library defines this for functions which it implements
|     to always fail with ENOSYS.  Some functions are actually named
|     something starting with __ and the normal name is an alias.  */
| #if defined __stub_dlopen || defined __stub___dlopen
| choke me
| #endif
| 
| int
| main ()
| {
| return dlopen ();
|   ;
|   return 0;
| }
configure:20238: result: no
configure:20244: checking for dlopen in -ldl
configure:20279: gcc -o conftest -g -O2 -pedantic -W -Wformat -Wunused -Wimplicit -Wreturn-type -Wswitch -Wcomment -Wtrigraphs -Wformat -Wchar-subscripts -Wuninitialized -Wparentheses -Wshadow -Wpointer-arith -Wcast-align -Wwrite-strings -Waggregate-return -Wstrict-prototypes -Wmissing-prototypes -Wnested-externs -Winline -Wredundant-decls   conftest.c -ldl   >&5
conftest.c:89:1: warning: function declaration isn't a prototype [-Wstrict-prototypes]
 char dlopen ();
 ^
conftest.c:91:1: warning: function declaration isn't a prototype [-Wstrict-prototypes]
 main ()
 ^
configure:20286: $? = 0
configure:20307: result: yes
configure:20428: checking pthread.h usability
configure:20445: gcc -c -g -O2 -pedantic -W -Wformat -Wunused -Wimplicit -Wreturn-type -Wswitch -Wcomment -Wtrigraphs -Wformat -Wchar-subscripts -Wuninitialized -Wparentheses -Wshadow -Wpointer-arith -Wcast-align -Wwrite-strings -Waggregate-return -Wstrict-prototypes -Wmissing-prototypes -Wnested-externs -Winline -Wredundant-decls  conftest.c >&5
configure:20452: $? = 0
configure:20466: result: yes
configure:20470: checking pthread.h presence
configure:20485: gcc -E  conftest.c
configure:20492: $? = 0
configure:20506: result: yes
configure:20534: checking for pthread.h
configure:20541: result: yes
configure:20546: checking for pthread_join in -lpthread
configure:20581: gcc -o conftest -g -O2 -pedantic -W -Wformat -Wunused -Wimplicit -Wreturn-type -Wswitch -Wcomment -Wtrigraphs -Wformat -Wchar-subscripts -Wuninitialized -Wparentheses -Wshadow -Wpointer-arith -Wcast-align -Wwrite-strings -Waggregate-return -Wstrict-prototypes -Wmissing-prototypes -Wnested-externs -Winline -Wredundant-decls   conftest.c -lpthread   >&5
conftest.c:90:1: warning: function declaration isn't a prototype [-Wstrict-prototypes]
 char pthread_join ();
 ^
conftest.c:92:1: warning: function declaration isn't a prototype [-Wstrict-prototypes]
 main ()
 ^
configure:20588: $? = 0
configure:20609: result: yes
configure:21444: checking iconv.h usability
configure:21461: gcc -c -g -O2 -pedantic -W -Wformat -Wunused -Wimplicit -Wreturn-type -Wswitch -Wcomment -Wtrigraphs -Wformat -Wchar-subscripts -Wuninitialized -Wparentheses -Wshadow -Wpointer-arith -Wcast-align -Wwrite-strings -Waggregate-return -Wstrict-prototypes -Wmissing-prototypes -Wnested-externs -Winline -Wredundant-decls  conftest.c >&5
configure:21468: $? = 0
configure:21482: result: yes
configure:21486: checking iconv.h presence
configure:21501: gcc -E  conftest.c
configure:21508: $? = 0
configure:21522: result: yes
configure:21550: checking for iconv.h
configure:21557: result: yes
configure:21562: checking for iconv
configure:21588: gcc -o conftest -g -O2 -pedantic -W -Wformat -Wunused -Wimplicit -Wreturn-type -Wswitch -Wcomment -Wtrigraphs -Wformat -Wchar-subscripts -Wuninitialized -Wparentheses -Wshadow -Wpointer-arith -Wcast-align -Wwrite-strings -Waggregate-return -Wstrict-prototypes -Wmissing-prototypes -Wnested-externs -Winline -Wredundant-decls   conftest.c  >&5
conftest.c:88:1: warning: function declaration isn't a prototype [-Wstrict-prototypes]
 main ()
 ^
configure:21595: $? = 0
configure:21604: result: yes
configure:21692: checking for iconv declaration
configure:21730: gcc -c -g -O2 -pedantic -W -Wformat -Wunused -Wimplicit -Wreturn-type -Wswitch -Wcomment -Wtrigraphs -Wformat -Wchar-subscripts -Wuninitialized -Wparentheses -Wshadow -Wpointer-arith -Wcast-align -Wwrite-strings -Waggregate-return -Wstrict-prototypes -Wmissing-prototypes -Wnested-externs -Winline -Wredundant-decls  conftest.c >&5
conftest.c:92:8: warning: redundant redeclaration of 'iconv' [-Wredundant-decls]
 size_t iconv (iconv_t cd, char * *inbuf, size_t *inbytesleft, char * *outbuf, size_t *outbytesleft);
        ^
In file included from conftest.c:86:0:
/usr/include/iconv.h:42:15: note: previous declaration of 'iconv' was here
 extern size_t iconv (iconv_t __cd, char **__restrict __inbuf,
               ^
conftest.c:98:1: warning: function declaration isn't a prototype [-Wstrict-prototypes]
 main ()
 ^
configure:21737: $? = 0
configure:21756: result: 
	extern size_t iconv (iconv_t cd,  char * *inbuf, size_t *inbytesleft, char * *outbuf, size_t *outbytesleft);
configure:22095: creating ./config.status

## ---------------------- ##
## Running config.status. ##
## ---------------------- ##

This file was extended by config.status, which was
generated by GNU Autoconf 2.63.  Invocation command line was

  CONFIG_FILES    = 
  CONFIG_HEADERS  = 
  CONFIG_LINKS    = 
  CONFIG_COMMANDS = 
  $ ./config.status 

on ubuntu

config.status:1184: creating libxml2.spec
config.status:1184: creating Makefile
config.status:1184: creating include/Makefile
config.status:1184: creating include/libxml/Makefile
config.status:1184: creating doc/Makefile
config.status:1184: creating doc/examples/Makefile
config.status:1184: creating doc/devhelp/Makefile
config.status:1184: creating example/Makefile
config.status:1184: creating python/Makefile
config.status:1184: creating python/tests/Makefile
config.status:1184: creating xstc/Makefile
config.status:1184: creating include/libxml/xmlversion.h
config.status:1184: creating xml2-config
config.status:1184: creating libxml-2.0.pc
config.status:1184: creating libxml-2.0-uninstalled.pc
config.status:1184: creating python/setup.py
config.status:1184: creating config.h
config.status:1458: executing depfiles commands
config.status:1458: executing libtool commands

## ---------------- ##
## Cache variables. ##
## ---------------- ##

ac_cv_build=x86_64-unknown-linux-gnu
ac_cv_c_compiler_gnu=yes
ac_cv_env_CC_set=
ac_cv_env_CC_value=
ac_cv_env_CFLAGS_set=
ac_cv_env_CFLAGS_value=
ac_cv_env_CPPFLAGS_set=
ac_cv_env_CPPFLAGS_value=
ac_cv_env_CPP_set=
ac_cv_env_CPP_value=
ac_cv_env_LDFLAGS_set=
ac_cv_env_LDFLAGS_value=
ac_cv_env_LIBS_set=
ac_cv_env_LIBS_value=
ac_cv_env_build_alias_set=
ac_cv_env_build_alias_value=
ac_cv_env_host_alias_set=
ac_cv_env_host_alias_value=
ac_cv_env_target_alias_set=
ac_cv_env_target_alias_value=
ac_cv_func__stat=no
ac_cv_func_class=no
ac_cv_func_dlopen=no
ac_cv_func_finite=yes
ac_cv_func_fp_class=no
ac_cv_func_fpclass=no
ac_cv_func_fprintf=yes
ac_cv_func_ftime=yes
ac_cv_func_getaddrinfo=yes
ac_cv_func_gettimeofday=yes
ac_cv_func_isinf=yes
ac_cv_func_isnan=yes
ac_cv_func_isnand=no
ac_cv_func_localtime=yes
ac_cv_func_printf=yes
ac_cv_func_shl_load=no
ac_cv_func_signal=yes
ac_cv_func_snprintf=yes
ac_cv_func_sprintf=yes
ac_cv_func_sscanf=yes
ac_cv_func_stat=yes
ac_cv_func_strdup=yes
ac_cv_func_strerror=yes
ac_cv_func_strftime=yes
ac_cv_func_strndup=yes
ac_cv_func_vfprintf=yes
ac_cv_func_vsnprintf=yes
ac_cv_func_vsprintf=yes
ac_cv_header_ansidecl_h=no
ac_cv_header_arpa_inet_h=yes
ac_cv_header_arpa_nameser_h=yes
ac_cv_header_ctype_h=yes
ac_cv_header_dirent_dirent_h=yes
ac_cv_header_dirent_h=yes
ac_cv_header_dl_h=no
ac_cv_header_dlfcn_h=yes
ac_cv_header_errno_h=yes
ac_cv_header_fcntl_h=yes
ac_cv_header_float_h=yes
ac_cv_header_fp_class_h=no
ac_cv_header_iconv_h=yes
ac_cv_header_ieeefp_h=no
ac_cv_header_inttypes_h=yes
ac_cv_header_inttypes_h_h=no
ac_cv_header_limits_h=yes
ac_cv_header_malloc_h=yes
ac_cv_header_math_h=yes
ac_cv_header_memory_h=yes
ac_cv_header_nan_h=no
ac_cv_header_netdb_h=yes
ac_cv_header_netinet_in_h=yes
ac_cv_header_poll_h=yes
ac_cv_header_pthread_h=yes
ac_cv_header_resolv_h=yes
ac_cv_header_signal_h=yes
ac_cv_header_stdarg_h=yes
ac_cv_header_stdc=yes
ac_cv_header_stdint_h=yes
ac_cv_header_stdlib_h=yes
ac_cv_header_string_h=yes
ac_cv_header_strings_h=yes
ac_cv_header_sys_mman_h=yes
ac_cv_header_sys_select_h=yes
ac_cv_header_sys_socket_h=yes
ac_cv_header_sys_stat_h=yes
ac_cv_header_sys_time_h=yes
ac_cv_header_sys_timeb_h=yes
ac_cv_header_sys_types_h=yes
ac_cv_header_time_h=yes
ac_cv_header_unistd_h=yes
ac_cv_header_zlib_h=yes
ac_cv_host=x86_64-unknown-linux-gnu
ac_cv_lib_dl_dlopen=yes
ac_cv_lib_dld_shl_load=no
ac_cv_lib_pthread_pthread_join=yes
ac_cv_lib_z_gzread=yes
ac_cv_objext=o
ac_cv_path_EGREP='/bin/grep -E'
ac_cv_path_FGREP='/bin/grep -F'
ac_cv_path_GREP=/bin/grep
ac_cv_path_MV=/bin/mv
ac_cv_path_PERL=/usr/bin/perl
ac_cv_path_PYTHON=/usr/bin/python
ac_cv_path_RM=/bin/rm
ac_cv_path_SED=/bin/sed
ac_cv_path_TAR=/bin/tar
ac_cv_path_WGET=/usr/bin/wget
ac_cv_path_XMLLINT=/usr/bin/xmllint
ac_cv_path_XSLTPROC=/usr/bin/xsltproc
ac_cv_path_install='/usr/bin/install -c'
ac_cv_path_mkdir=/bin/mkdir
ac_cv_prog_AWK=gawk
ac_cv_prog_CPP='gcc -E'
ac_cv_prog_ac_ct_AR=ar
ac_cv_prog_ac_ct_CC=gcc
ac_cv_prog_ac_ct_OBJDUMP=objdump
ac_cv_prog_ac_ct_RANLIB=ranlib
ac_cv_prog_ac_ct_STRIP=strip
ac_cv_prog_cc_c89=
ac_cv_prog_cc_g=yes
ac_cv_prog_make_make_set=yes
ac_cv_search_connect='none required'
ac_cv_search_gethostent='none required'
ac_cv_search_opendir='none required'
ac_cv_search_setsockopt='none required'
am_cv_CC_dependencies_compiler_type=gcc3
lt_cv_deplibs_check_method=pass_all
lt_cv_file_magic_cmd='$MAGIC_CMD'
lt_cv_file_magic_test_file=
lt_cv_ld_reload_flag=-r
lt_cv_nm_interface='BSD nm'
lt_cv_objdir=.libs
lt_cv_path_LD=/usr/bin/ld
lt_cv_path_NM='/usr/bin/nm -B'
lt_cv_prog_compiler_c_o=yes
lt_cv_prog_compiler_pic_works=yes
lt_cv_prog_compiler_rtti_exceptions=no
lt_cv_prog_compiler_static_works=yes
lt_cv_prog_gnu_ld=yes
lt_cv_sys_global_symbol_pipe='sed -n -e '\''s/^.*[	 ]\([ABCDGIRSTW][ABCDGIRSTW]*\)[	 ][	 ]*\([_A-Za-z][_A-Za-z0-9]*\)$/\1 \2 \2/p'\'''
lt_cv_sys_global_symbol_to_c_name_address='sed -n -e '\''s/^: \([^ ]*\) $/  {\"\1\", (void *) 0},/p'\'' -e '\''s/^[ABCDGIRSTW]* \([^ ]*\) \([^ ]*\)$/  {"\2", (void *) \&\2},/p'\'''
lt_cv_sys_global_symbol_to_c_name_address_lib_prefix='sed -n -e '\''s/^: \([^ ]*\) $/  {\"\1\", (void *) 0},/p'\'' -e '\''s/^[ABCDGIRSTW]* \([^ ]*\) \(lib[^ ]*\)$/  {"\2", (void *) \&\2},/p'\'' -e '\''s/^[ABCDGIRSTW]* \([^ ]*\) \([^ ]*\)$/  {"lib\2", (void *) \&\2},/p'\'''
lt_cv_sys_global_symbol_to_cdecl='sed -n -e '\''s/^T .* \(.*\)$/extern int \1();/p'\'' -e '\''s/^[ABCDGIRSTW]* .* \(.*\)$/extern char \1;/p'\'''
lt_cv_sys_max_cmd_len=1572864
xml_cv_iconv_arg2=
xml_cv_iconv_decl='extern size_t iconv (iconv_t cd,  char * *inbuf, size_t *inbytesleft, char * *outbuf, size_t *outbytesleft);'

## ----------------- ##
## Output variables. ##
## ----------------- ##

ACLOCAL='${SHELL} /home/jesse/llrp/LLRPToolkit/opensource/tarBalls/libxml2-2.7.4/missing --run aclocal-1.11'
AMDEPBACKSLASH='\'
AMDEP_FALSE='#'
AMDEP_TRUE=''
AMTAR='${SHELL} /home/jesse/llrp/LLRPToolkit/opensource/tarBalls/libxml2-2.7.4/missing --run tar'
ANSI2KNR=''
AR='ar'
AS='as'
AUTOCONF='${SHELL} /home/jesse/llrp/LLRPToolkit/opensource/tarBalls/libxml2-2.7.4/missing --run autoconf'
AUTOHEADER='${SHELL} /home/jesse/llrp/LLRPToolkit/opensource/tarBalls/libxml2-2.7.4/missing --run autoheader'
AUTOMAKE='${SHELL} /home/jesse/llrp/LLRPToolkit/opensource/tarBalls/libxml2-2.7.4/missing --run automake-1.11'
AWK='gawk'
BASE_THREAD_LIBS='-lpthread'
C14N_OBJ='c14n.c'
CATALOG_OBJ='catalog.o'
CC='gcc'
CCDEPMODE='depmode=gcc3'
CFLAGS='-g -O2 -pedantic -W -Wformat -Wunused -Wimplicit -Wreturn-type -Wswitch -Wcomment -Wtrigraphs -Wformat -Wchar-subscripts -Wuninitialized -Wparentheses -Wshadow -Wpointer-arith -Wcast-align -Wwrite-strings -Waggregate-return -Wstrict-prototypes -Wmissing-prototypes -Wnested-externs -Winline -Wredundant-decls'
CPP='gcc -E'
CPPFLAGS=''
CYGPATH_W='echo'
CYGWIN_EXTRA_LDFLAGS=''
CYGWIN_EXTRA_PYTHON_LIBADD=''
DEBUG_OBJ='debugXML.o'
DEFS='-DHAVE_CONFIG_H'
DEPDIR='.deps'
DLLTOOL='dlltool'
DOCB_OBJ='DOCBparser.o'
DSYMUTIL=''
DUMPBIN=''
ECHO_C=''
ECHO_N='-n'
ECHO_T=''
EGREP='/bin/grep -E'
EXEEXT=''
FGREP='/bin/grep -F'
FTP_OBJ='nanoftp.o'
GREP='/bin/grep'
HAVE_ISINF=''
HAVE_ISNAN=''
HTML_DIR='$(datadir)/doc/$(PACKAGE)-$(VERSION)/html'
HTML_OBJ='HTMLparser.o HTMLtree.o'
HTTP_OBJ='nanohttp.o'
ICONV_LIBS=''
INSTALL_DATA='${INSTALL} -m 644'
INSTALL_PROGRAM='${INSTALL}'
INSTALL_SCRIPT='${INSTALL}'
INSTALL_STRIP_PROGRAM='$(install_sh) -c -s'
LD='/usr/bin/ld -m elf_x86_64'
LDFLAGS=''
LIBOBJS=''
LIBS=''
LIBTOOL='$(SHELL) $(top_builddir)/libtool'
LIBXML_MAJOR_VERSION='2'
LIBXML_MICRO_VERSION='4'
LIBXML_MINOR_VERSION='7'
LIBXML_VERSION='2.7.4'
LIBXML_VERSION_EXTRA=''
LIBXML_VERSION_INFO='9:4:7'
LIBXML_VERSION_NUMBER='20704'
LIPO=''
LN_S='ln -s'
LTLIBOBJS=''
MAKEINFO='${SHELL} /home/jesse/llrp/LLRPToolkit/opensource/tarBalls/libxml2-2.7.4/missing --run makeinfo'
MKDIR_P='/bin/mkdir -p'
MODULE_EXTENSION='.so'
MODULE_PLATFORM_LIBS='-ldl'
MV='/bin/mv'
M_LIBS='-lm'
NM='/usr/bin/nm -B'
NMEDIT=''
OBJDUMP='objdump'
OBJEXT='o'
OTOOL64=''
OTOOL=''
PACKAGE='libxml2'
PACKAGE_BUGREPORT=''
PACKAGE_NAME=''
PACKAGE_STRING=''
PACKAGE_TARNAME=''
PACKAGE_VERSION=''
PATH_SEPARATOR=':'
PERL='/usr/bin/perl'
PYTHON='/usr/bin/python'
PYTHON_INCLUDES='/usr/include/python2.7'
PYTHON_SITE_PACKAGES='/usr/lib/python2.7/dist-packages'
PYTHON_SUBDIR='python'
PYTHON_TESTS=' RelaxNGPythonTests SchemasPythonTests'
PYTHON_VERSION='2.7'
RANLIB='ranlib'
RDL_LIBS=''
READER_TEST='Readertests'
REBUILD_DOCS_FALSE=''
REBUILD_DOCS_TRUE='#'
RELDATE='Thu Jun 28 2018'
RM='/bin/rm'
SED='/bin/sed'
SET_MAKE=''
SHELL='/bin/bash'
STATIC_BINARIES=''
STRIP='strip'
TAR='/bin/tar'
TEST_C14N='C14Ntests'
TEST_CATALOG='Catatests'
TEST_DEBUG='Scripttests'
TEST_HTML='HTMLtests'
TEST_MODULES='ModuleTests'
TEST_PATTERN='Patterntests'
TEST_PHTML='HTMLPushtests'
TEST_PUSH='XMLPushtests'
TEST_REGEXPS='Regexptests Automatatests'
TEST_SAX='SAXtests'
TEST_SCHEMAS='Schemastests Relaxtests'
TEST_SCHEMATRON='Schematrontests'
TEST_THREADS='Threadtests'
TEST_VALID='Validtests'
TEST_VTIME='VTimingtests'
TEST_XINCLUDE='XIncludetests'
TEST_XPATH='XPathtests'
TEST_XPTR='XPtrtests'
THREADS_W32=''
THREAD_CFLAGS=' -D_REENTRANT'
THREAD_LIBS=''
U=''
USE_VERSION_SCRIPT_FALSE='#'
USE_VERSION_SCRIPT_TRUE=''
VERSION='2.7.4'
VERSION_SCRIPT_FLAGS='-Wl,--version-script='
WGET='/usr/bin/wget'
WIN32_EXTRA_LDFLAGS=''
WIN32_EXTRA_LIBADD=''
WITH_C14N='1'
WITH_CATALOG='1'
WITH_DEBUG='1'
WITH_DOCB='1'
WITH_FTP='1'
WITH_HTML='1'
WITH_HTTP='1'
WITH_ICONV='1'
WITH_ISO8859X='1'
WITH_LEGACY='1'
WITH_MEM_DEBUG='0'
WITH_MODULES='1'
WITH_OUTPUT='1'
WITH_PATTERN='1'
WITH_PUSH='1'
WITH_PYTHON_FALSE='#'
WITH_PYTHON_TRUE=''
WITH_READER='1'
WITH_REGEXPS='1'
WITH_RUN_DEBUG='0'
WITH_SAX1='1'
WITH_SCHEMAS='1'
WITH_SCHEMATRON='1'
WITH_THREADS='1'
WITH_TREE='1'
WITH_TRIO='0'
WITH_TRIO_SOURCES_FALSE=''
WITH_TRIO_SOURCES_TRUE='#'
WITH_VALID='1'
WITH_WRITER='1'
WITH_XINCLUDE='1'
WITH_XPATH='1'
WITH_XPTR='1'
WITH_ZLIB='1'
XINCLUDE_OBJ='xinclude.o'
XMLLINT='/usr/bin/xmllint'
XML_CFLAGS=''
XML_INCLUDEDIR='-I${includedir}/libxml2'
XML_LIBDIR='-L${libdir}'
XML_LIBS='-lxml2 -lz   -lm '
XML_LIBTOOLLIBS='libxml2.la'
XPATH_OBJ='xpath.o'
XPTR_OBJ='xpointer.o'
XSLTPROC='/usr/bin/xsltproc'
Z_CFLAGS=''
Z_LIBS='-lz'
ac_ct_CC='gcc'
ac_ct_DUMPBIN=''
am__EXEEXT_FALSE=''
am__EXEEXT_TRUE='#'
am__fastdepCC_FALSE='#'
am__fastdepCC_TRUE=''
am__include='include'
am__isrc=''
am__leading_dot='.'
am__quote=''
am__tar='${AMTAR} chof - "$$tardir"'
am__untar='${AMTAR} xf -'
bindir='${exec_prefix}/bin'
build='x86_64-unknown-linux-gnu'
build_alias=''
build_cpu='x86_64'
build_os='linux-gnu'
build_vendor='unknown'
datadir='${datarootdir}'
datarootdir='${prefix}/share'
docdir='${datarootdir}/doc/${PACKAGE}'
dvidir='${docdir}'
exec_prefix='${prefix}'
host='x86_64-unknown-linux-gnu'
host_alias=''
host_cpu='x86_64'
host_os='linux-gnu'
host_vendor='unknown'
htmldir='${docdir}'
includedir='${prefix}/include'
infodir='${datarootdir}/info'
install_sh='${SHELL} /home/jesse/llrp/LLRPToolkit/opensource/tarBalls/libxml2-2.7.4/install-sh'
libdir='${exec_prefix}/lib'
libexecdir='${exec_prefix}/libexec'
localedir='${datarootdir}/locale'
localstatedir='${prefix}/var'
lt_ECHO='echo'
mandir='${datarootdir}/man'
mkdir_p='/bin/mkdir -p'
oldincludedir='/usr/include'
pdfdir='${docdir}'
prefix='/home/jesse/llrp/LLRPToolkit/opensource/tarBalls/libxml2-2.7.4/output'
program_transform_name='s,x,x,'
psdir='${docdir}'
pythondir='$(libdir)/python$(PYTHON_VERSION)/site-packages'
sbindir='${exec_prefix}/sbin'
sharedstatedir='${prefix}/com'
sysconfdir='${prefix}/etc'
target_alias=''

## ----------- ##
## confdefs.h. ##
## ----------- ##

#define PACKAGE_NAME ""
#define PACKAGE_TARNAME ""
#define PACKAGE_VERSION ""
#define PACKAGE_STRING ""
#define PACKAGE_BUGREPORT ""
#define PACKAGE "libxml2"
#define VERSION "2.7.4"
#define PROTOTYPES 1
#define __PROTOTYPES 1
#define STDC_HEADERS 1
#define HAVE_SYS_TYPES_H 1
#define HAVE_SYS_STAT_H 1
#define HAVE_STDLIB_H 1
#define HAVE_STRING_H 1
#define HAVE_MEMORY_H 1
#define HAVE_STRINGS_H 1
#define HAVE_INTTYPES_H 1
#define HAVE_STDINT_H 1
#define HAVE_UNISTD_H 1
#define HAVE_STRING_H 1
#define HAVE_DLFCN_H 1
#define LT_OBJDIR ".libs/"
#define HAVE_ZLIB_H 1
#define HAVE_LIBZ 1
#define HAVE_DIRENT_H 1
#define STDC_HEADERS 1
#define HAVE_FCNTL_H 1
#define HAVE_UNISTD_H 1
#define HAVE_CTYPE_H 1
#define HAVE_DIRENT_H 1
#define HAVE_ERRNO_H 1
#define HAVE_MALLOC_H 1
#define HAVE_STDARG_H 1
#define HAVE_SYS_STAT_H 1
#define HAVE_SYS_TYPES_H 1
#define HAVE_STDINT_H 1
#define HAVE_TIME_H 1
#define HAVE_MATH_H 1
#define HAVE_LIMITS_H 1
#define HAVE_FLOAT_H 1
#define HAVE_STDLIB_H 1
#define HAVE_SYS_SOCKET_H 1
#define HAVE_NETINET_IN_H 1
#define HAVE_ARPA_INET_H 1
#define HAVE_NETDB_H 1
#define HAVE_SYS_TIME_H 1
#define HAVE_SYS_SELECT_H 1
#define HAVE_POLL_H 1
#define HAVE_SYS_MMAN_H 1
#define HAVE_SYS_TIMEB_H 1
#define HAVE_SIGNAL_H 1
#define HAVE_ARPA_NAMESER_H 1
#define HAVE_RESOLV_H 1
#define HAVE_DLFCN_H 1
#define HAVE_STRFTIME 1
#define HAVE_STRDUP 1
#define HAVE_STRNDUP 1
#define HAVE_STRERROR 1
#define HAVE_FINITE 1
#define HAVE_STRFTIME 1
#define HAVE_LOCALTIME 1
#define HAVE_GETTIMEOFDAY 1
#define HAVE_FTIME 1
#define HAVE_STAT 1
#define HAVE_SIGNAL 1
#define HAVE_PRINTF 1
#define HAVE_SPRINTF 1
#define HAVE_FPRINTF 1
#define HAVE_SNPRINTF 1
#define HAVE_VFPRINTF 1
#define HAVE_VSPRINTF 1
#define HAVE_VSNPRINTF 1
#define HAVE_SSCANF 1
#define HAVE_VA_COPY 1
#define XML_SOCKLEN_T socklen_t
#define SUPPORT_IP6 /**/
#define HAVE_GETADDRINFO /**/
#define HAVE_ISNAN /**/
#define HAVE_ISINF /**/
#define HAVE_DLOPEN /**/
#define HAVE_LIBPTHREAD /**/
#define HAVE_PTHREAD_H /**/
#define ICONV_CONST 

configure: exit 0
